<?xml version="1.0" encoding="UTF-8"?>
<testsuite xmlns:xsi="http://www.w3.org/2001/XMLSchema-instance" xsi:noNamespaceSchemaLocation="https://maven.apache.org/surefire/maven-surefire-plugin/xsd/surefire-test-report-3.0.xsd" version="3.0" name="features.ExamplesTest" time="22.664" tests="1" errors="0" skipped="0" failures="0">
  <properties>
[...]
</properties>
  <testcase name="testParallel" classname="features.ExamplesTest" time="22.555">
    <system-out><![CDATA[16:19:18.472 [main] DEBUG com.intuit.karate.Suite - [config] classpath:karate-config.js
16:19:18.508 [main] INFO  com.intuit.karate.Suite - backed up existing 'target\karate-reports' dir to: target\karate-reports_1768245558490
16:19:18.531 [main] DEBUG com.intuit.karate.Suite - waiting for 3 features to complete
16:19:22.743 [pool-2-thread-1] INFO  com.intuit.karate - karate.env system property was: null 
16:19:22.741 [pool-2-thread-2] INFO  com.intuit.karate - karate.env system property was: null 
16:19:22.743 [pool-2-thread-3] INFO  com.intuit.karate - karate.env system property was: null 
16:19:22.743 [pool-2-thread-5] INFO  com.intuit.karate - karate.env system property was: null 
16:19:22.752 [pool-2-thread-4] INFO  com.intuit.karate - karate.env system property was: null 
16:19:23.129 [pool-2-thread-1] INFO  com.intuit.karate - karate.env system property was: qa 
16:19:23.133 [pool-2-thread-2] INFO  com.intuit.karate - karate.env system property was: qa 
16:19:23.129 [pool-2-thread-3] INFO  com.intuit.karate - karate.env system property was: qa 
16:19:23.133 [pool-2-thread-5] INFO  com.intuit.karate - karate.env system property was: qa 
16:19:23.148 [pool-2-thread-4] INFO  com.intuit.karate - karate.env system property was: qa 
16:19:23.229 [pool-2-thread-2] DEBUG c.intuit.karate.core.ScenarioEngine - over-writing existing variable 'baseUrl' with new value: 'https://bookstore.toolsqa.com'
16:19:23.231 [pool-2-thread-4] DEBUG c.intuit.karate.core.ScenarioEngine - over-writing existing variable 'baseUrl' with new value: 'https://bookstore.toolsqa.com'
16:19:23.232 [pool-2-thread-3] DEBUG c.intuit.karate.core.ScenarioEngine - over-writing existing variable 'baseUrl' with new value: 'https://bookstore.toolsqa.com'
16:19:23.229 [pool-2-thread-5] DEBUG c.intuit.karate.core.ScenarioEngine - over-writing existing variable 'baseUrl' with new value: 'https://bookstore.toolsqa.com'
16:19:23.229 [pool-2-thread-1] DEBUG c.intuit.karate.core.ScenarioEngine - over-writing existing variable 'baseUrl' with new value: 'https://bookstore.toolsqa.com'
16:19:23.267 [pool-2-thread-5] INFO  com.intuit.karate - >> lock acquired, begin callonce: read('classpath:features/users/generate-token.feature')
16:19:24.437 [pool-2-thread-5] DEBUG com.intuit.karate - request:
1 > POST https://bookstore.toolsqa.com/Account/v1/User
1 > cache-control: no-cache
1 > Content-Type: application/json; charset=UTF-8
1 > Content-Length: 52
1 > Host: bookstore.toolsqa.com
1 > Connection: Keep-Alive
1 > User-Agent: Apache-HttpClient/4.5.14 (Java/21.0.9)
1 > Accept-Encoding: gzip,deflate
{"userName":"user_b3441c45","password":"Test@12345"}

16:19:26.258 [pool-2-thread-5] DEBUG com.intuit.karate - response time in milliseconds: 1821
1 < 201
1 < Server: nginx/1.17.10 (Ubuntu)
1 < Date: Mon, 12 Jan 2026 19:19:27 GMT
1 < Content-Type: application/json; charset=utf-8
1 < Content-Length: 87
1 < Connection: keep-alive
1 < X-Powered-By: Express
1 < ETag: W/"57-2KURmC8Ca0aqPewpXe6zHPCMbvU"
{"userID":"5ddb908e-aaa3-4f74-9c08-584521df56c1","username":"user_b3441c45","books":[]}

16:19:26.288 [pool-2-thread-5] INFO  com.intuit.karate - [print] UserId criado: 5ddb908e-aaa3-4f74-9c08-584521df56c1 
16:19:26.305 [pool-2-thread-5] DEBUG com.intuit.karate - request:
2 > POST https://bookstore.toolsqa.com/Account/v1/GenerateToken
2 > cache-control: no-cache
2 > Content-Type: application/json; charset=UTF-8
2 > Content-Length: 52
2 > Host: bookstore.toolsqa.com
2 > Connection: Keep-Alive
2 > User-Agent: Apache-HttpClient/4.5.14 (Java/21.0.9)
2 > Accept-Encoding: gzip,deflate
{"userName":"user_b3441c45","password":"Test@12345"}

16:19:27.496 [pool-2-thread-5] DEBUG com.intuit.karate - response time in milliseconds: 1191
2 < 200
2 < Server: nginx/1.17.10 (Ubuntu)
2 < Date: Mon, 12 Jan 2026 19:19:29 GMT
2 < Content-Type: application/json; charset=utf-8
2 < Content-Length: 282
2 < Connection: keep-alive
2 < X-Powered-By: Express
2 < ETag: W/"11a-TTklq4zlXhaVNEM4tfnXsrGJEwg"
{"token":"eyJhbGciOiJIUzI1NiIsInR5cCI6IkpXVCJ9.eyJ1c2VyTmFtZSI6InVzZXJfYjM0NDFjNDUiLCJwYXNzd29yZCI6IlRlc3RAMTIzNDUiLCJpYXQiOjE3NjgyNDU1Njh9.65UVuZZ41vopNDcQyRJvbrIQ5Jip1-oR1SmQtAJ7W5E","expires":"2026-01-19T19:19:28.458Z","status":"Success","result":"User authorized successfully."}

16:19:27.496 [pool-2-thread-5] INFO  com.intuit.karate - [print] Generated token: eyJhbGciOiJIUzI1NiIsInR5cCI6IkpXVCJ9.eyJ1c2VyTmFtZSI6InVzZXJfYjM0NDFjNDUiLCJwYXNzd29yZCI6IlRlc3RAMTIzNDUiLCJpYXQiOjE3NjgyNDU1Njh9.65UVuZZ41vopNDcQyRJvbrIQ5Jip1-oR1SmQtAJ7W5E 
16:19:27.511 [pool-2-thread-5] INFO  com.intuit.karate - << lock released, cached callonce: read('classpath:features/users/generate-token.feature')
16:19:27.511 [pool-2-thread-2] WARN  com.intuit.karate - this thread waited 4230 milliseconds for callonce lock: read('classpath:features/users/generate-token.feature')
16:19:27.511 [pool-2-thread-4] WARN  com.intuit.karate - this thread waited 4232 milliseconds for callonce lock: read('classpath:features/users/generate-token.feature')
16:19:27.527 [pool-2-thread-5] INFO  com.intuit.karate - [print] Token: eyJhbGciOiJIUzI1NiIsInR5cCI6IkpXVCJ9.eyJ1c2VyTmFtZSI6InVzZXJfYjM0NDFjNDUiLCJwYXNzd29yZCI6IlRlc3RAMTIzNDUiLCJpYXQiOjE3NjgyNDU1Njh9.65UVuZZ41vopNDcQyRJvbrIQ5Jip1-oR1SmQtAJ7W5E 
16:19:27.527 [pool-2-thread-5] INFO  com.intuit.karate - [print] UserID: 5ddb908e-aaa3-4f74-9c08-584521df56c1 
16:19:27.527 [pool-2-thread-2] INFO  com.intuit.karate - [print] Token: eyJhbGciOiJIUzI1NiIsInR5cCI6IkpXVCJ9.eyJ1c2VyTmFtZSI6InVzZXJfYjM0NDFjNDUiLCJwYXNzd29yZCI6IlRlc3RAMTIzNDUiLCJpYXQiOjE3NjgyNDU1Njh9.65UVuZZ41vopNDcQyRJvbrIQ5Jip1-oR1SmQtAJ7W5E 
16:19:27.527 [pool-2-thread-2] INFO  com.intuit.karate - [print] UserID: 5ddb908e-aaa3-4f74-9c08-584521df56c1 
16:19:27.542 [pool-2-thread-1] WARN  com.intuit.karate - this thread waited 4234 milliseconds for callonce lock: read('classpath:features/users/generate-token.feature')
16:19:27.542 [pool-2-thread-4] INFO  com.intuit.karate - [print] Token: eyJhbGciOiJIUzI1NiIsInR5cCI6IkpXVCJ9.eyJ1c2VyTmFtZSI6InVzZXJfYjM0NDFjNDUiLCJwYXNzd29yZCI6IlRlc3RAMTIzNDUiLCJpYXQiOjE3NjgyNDU1Njh9.65UVuZZ41vopNDcQyRJvbrIQ5Jip1-oR1SmQtAJ7W5E 
16:19:27.542 [pool-2-thread-3] WARN  com.intuit.karate - this thread waited 4272 milliseconds for callonce lock: read('classpath:features/users/generate-token.feature')
16:19:27.542 [pool-2-thread-4] INFO  com.intuit.karate - [print] UserID: 5ddb908e-aaa3-4f74-9c08-584521df56c1 
16:19:27.552 [pool-2-thread-3] INFO  com.intuit.karate - [print] Token: eyJhbGciOiJIUzI1NiIsInR5cCI6IkpXVCJ9.eyJ1c2VyTmFtZSI6InVzZXJfYjM0NDFjNDUiLCJwYXNzd29yZCI6IlRlc3RAMTIzNDUiLCJpYXQiOjE3NjgyNDU1Njh9.65UVuZZ41vopNDcQyRJvbrIQ5Jip1-oR1SmQtAJ7W5E 
16:19:27.554 [pool-2-thread-1] INFO  com.intuit.karate - [print] Token: eyJhbGciOiJIUzI1NiIsInR5cCI6IkpXVCJ9.eyJ1c2VyTmFtZSI6InVzZXJfYjM0NDFjNDUiLCJwYXNzd29yZCI6IlRlc3RAMTIzNDUiLCJpYXQiOjE3NjgyNDU1Njh9.65UVuZZ41vopNDcQyRJvbrIQ5Jip1-oR1SmQtAJ7W5E 
16:19:27.542 [pool-2-thread-5] DEBUG com.intuit.karate - request:
1 > GET https://bookstore.toolsqa.com/BookStore/v1/Book?ISBN=3782n39n93
1 > Authorization: Bearer eyJhbGciOiJIUzI1NiIsInR5cCI6IkpXVCJ9.eyJ1c2VyTmFtZSI6InVzZXJfYjM0NDFjNDUiLCJwYXNzd29yZCI6IlRlc3RAMTIzNDUiLCJpYXQiOjE3NjgyNDU1Njh9.65UVuZZ41vopNDcQyRJvbrIQ5Jip1-oR1SmQtAJ7W5E
1 > cache-control: no-cache
1 > Content-Type: application/json
1 > Host: bookstore.toolsqa.com
1 > Connection: Keep-Alive
1 > User-Agent: Apache-HttpClient/4.5.14 (Java/21.0.9)
1 > Accept-Encoding: gzip,deflate


16:19:27.556 [pool-2-thread-1] INFO  com.intuit.karate - [print] UserID: 5ddb908e-aaa3-4f74-9c08-584521df56c1 
16:19:27.557 [pool-2-thread-4] DEBUG com.intuit.karate - request:
1 > GET https://bookstore.toolsqa.com/BookStore/v1/Books
1 > Authorization: Bearer eyJhbGciOiJIUzI1NiIsInR5cCI6IkpXVCJ9.eyJ1c2VyTmFtZSI6InVzZXJfYjM0NDFjNDUiLCJwYXNzd29yZCI6IlRlc3RAMTIzNDUiLCJpYXQiOjE3NjgyNDU1Njh9.65UVuZZ41vopNDcQyRJvbrIQ5Jip1-oR1SmQtAJ7W5E
1 > cache-control: no-cache
1 > Content-Type: application/json
1 > Host: bookstore.toolsqa.com
1 > Connection: Keep-Alive
1 > User-Agent: Apache-HttpClient/4.5.14 (Java/21.0.9)
1 > Accept-Encoding: gzip,deflate


16:19:27.555 [pool-2-thread-2] DEBUG com.intuit.karate - request:
1 > GET https://bookstore.toolsqa.com/BookStore/v1/Books
1 > Authorization: Bearer eyJhbGciOiJIUzI1NiIsInR5cCI6IkpXVCJ9.eyJ1c2VyTmFtZSI6InVzZXJfYjM0NDFjNDUiLCJwYXNzd29yZCI6IlRlc3RAMTIzNDUiLCJpYXQiOjE3NjgyNDU1Njh9.65UVuZZ41vopNDcQyRJvbrIQ5Jip1-oR1SmQtAJ7W5E
1 > cache-control: no-cache
1 > Content-Type: application/json
1 > Host: bookstore.toolsqa.com
1 > Connection: Keep-Alive
1 > User-Agent: Apache-HttpClient/4.5.14 (Java/21.0.9)
1 > Accept-Encoding: gzip,deflate


16:19:27.557 [pool-2-thread-3] INFO  com.intuit.karate - [print] UserID: 5ddb908e-aaa3-4f74-9c08-584521df56c1 
16:19:27.557 [pool-2-thread-1] DEBUG com.intuit.karate - request:
1 > GET https://bookstore.toolsqa.com/BookStore/v1/Books
1 > Authorization: Bearer eyJhbGciOiJIUzI1NiIsInR5cCI6IkpXVCJ9.eyJ1c2VyTmFtZSI6InVzZXJfYjM0NDFjNDUiLCJwYXNzd29yZCI6IlRlc3RAMTIzNDUiLCJpYXQiOjE3NjgyNDU1Njh9.65UVuZZ41vopNDcQyRJvbrIQ5Jip1-oR1SmQtAJ7W5E
1 > cache-control: no-cache
1 > Content-Type: application/json
1 > Host: bookstore.toolsqa.com
1 > Connection: Keep-Alive
1 > User-Agent: Apache-HttpClient/4.5.14 (Java/21.0.9)
1 > Accept-Encoding: gzip,deflate


16:19:27.557 [pool-2-thread-3] DEBUG com.intuit.karate - request:
1 > GET https://bookstore.toolsqa.com/BookStore/v1/Books
1 > Authorization: Bearer eyJhbGciOiJIUzI1NiIsInR5cCI6IkpXVCJ9.eyJ1c2VyTmFtZSI6InVzZXJfYjM0NDFjNDUiLCJwYXNzd29yZCI6IlRlc3RAMTIzNDUiLCJpYXQiOjE3NjgyNDU1Njh9.65UVuZZ41vopNDcQyRJvbrIQ5Jip1-oR1SmQtAJ7W5E
1 > cache-control: no-cache
1 > Content-Type: application/json
1 > Host: bookstore.toolsqa.com
1 > Connection: Keep-Alive
1 > User-Agent: Apache-HttpClient/4.5.14 (Java/21.0.9)
1 > Accept-Encoding: gzip,deflate


16:19:28.079 [pool-2-thread-5] DEBUG com.intuit.karate - response time in milliseconds: 522
1 < 400
1 < Server: nginx/1.17.10 (Ubuntu)
1 < Date: Mon, 12 Jan 2026 19:19:29 GMT
1 < Content-Type: application/json; charset=utf-8
1 < Content-Length: 79
1 < Connection: keep-alive
1 < X-Powered-By: Express
1 < ETag: W/"4f-RpKuEeQ3Bj2uvDIxIXvc7QRyqm4"
{"code":"1205","message":"ISBN supplied is not available in Books Collection!"}

16:19:28.094 [pool-2-thread-4] DEBUG com.intuit.karate - response time in milliseconds: 536
1 < 200
1 < Server: nginx/1.17.10 (Ubuntu)
1 < Date: Mon, 12 Jan 2026 19:19:29 GMT
1 < Content-Type: application/json; charset=utf-8
1 < Content-Length: 4514
1 < Connection: keep-alive
1 < X-Powered-By: Express
1 < ETag: W/"11a2-8zfX++QwcgaCjSU6F8JP9fUd1tY"
{"books":[{"isbn":"9781449325862","title":"Git Pocket Guide","subTitle":"A Working Introduction","author":"Richard E. Silverman","publish_date":"2020-06-04T08:48:39.000Z","publisher":"O'Reilly Media","pages":234,"description":"This pocket guide is the perfect on-the-job companion to Git, the distributed version control system. It provides a compact, readable introduction to Git for new users, as well as a reference to common commands and procedures for those of you with Git exp","website":"http://chimera.labs.oreilly.com/books/1230000000561/index.html"},{"isbn":"9781449331818","title":"Learning JavaScript Design Patterns","subTitle":"A JavaScript and jQuery Developer's Guide","author":"Addy Osmani","publish_date":"2020-06-04T09:11:40.000Z","publisher":"O'Reilly Media","pages":254,"description":"With Learning JavaScript Design Patterns, you'll learn how to write beautiful, structured, and maintainable JavaScript by applying classical and modern design patterns to the language. If you want to keep your code efficient, more manageable, and up-to-da","website":"http://www.addyosmani.com/resources/essentialjsdesignpatterns/book/"},{"isbn":"9781449337711","title":"Designing Evolvable Web APIs with ASP.NET","subTitle":"Harnessing the Power of the Web","author":"Glenn Block et al.","publish_date":"2020-06-04T09:12:43.000Z","publisher":"O'Reilly Media","pages":238,"description":"Design and build Web APIs for a broad range of clients—including browsers and mobile devices—that can adapt to change over time. This practical, hands-on guide takes you through the theory and tools you need to build evolvable HTTP services with Microsoft","website":"http://chimera.labs.oreilly.com/books/1234000001708/index.html"},{"isbn":"9781449365035","title":"Speaking JavaScript","subTitle":"An In-Depth Guide for Programmers","author":"Axel Rauschmayer","publish_date":"2014-02-01T00:00:00.000Z","publisher":"O'Reilly Media","pages":460,"description":"Like it or not, JavaScript is everywhere these days-from browser to server to mobile-and now you, too, need to learn the language or dive deeper than you have. This concise book guides you into and through JavaScript, written by a veteran programmer who o","website":"http://speakingjs.com/"},{"isbn":"9781491904244","title":"You Don't Know JS","subTitle":"ES6 & Beyond","author":"Kyle Simpson","publish_date":"2015-12-27T00:00:00.000Z","publisher":"O'Reilly Media","pages":278,"description":"No matter how much experience you have with JavaScript, odds are you don’t fully understand the language. As part of the \\\"You Don’t Know JS\\\" series, this compact guide focuses on new features available in ECMAScript 6 (ES6), the latest version of the st","website":"https://github.com/getify/You-Dont-Know-JS/tree/master/es6%20&%20beyond"},{"isbn":"9781491950296","title":"Programming JavaScript Applications","subTitle":"Robust Web Architecture with Node, HTML5, and Modern JS Libraries","author":"Eric Elliott","publish_date":"2014-07-01T00:00:00.000Z","publisher":"O'Reilly Media","pages":254,"description":"Take advantage of JavaScript's power to build robust web-scale or enterprise applications that are easy to extend and maintain. By applying the design patterns outlined in this practical book, experienced JavaScript developers will learn how to write flex","website":"http://chimera.labs.oreilly.com/books/1234000000262/index.html"},{"isbn":"9781593275846","title":"Eloquent JavaScript, Second Edition","subTitle":"A Modern Introduction to Programming","author":"Marijn Haverbeke","publish_date":"2014-12-14T00:00:00.000Z","publisher":"No Starch Press","pages":472,"description":"JavaScript lies at the heart of almost every modern web application, from social apps to the newest browser-based games. Though simple for beginners to pick up and play with, JavaScript is a flexible, complex language that you can use to build full-scale ","website":"http://eloquentjavascript.net/"},{"isbn":"9781593277574","title":"Understanding ECMAScript 6","subTitle":"The Definitive Guide for JavaScript Developers","author":"Nicholas C. Zakas","publish_date":"2016-09-03T00:00:00.000Z","publisher":"No Starch Press","pages":352,"description":"ECMAScript 6 represents the biggest update to the core of JavaScript in the history of the language. In Understanding ECMAScript 6, expert developer Nicholas C. Zakas provides a complete guide to the object types, syntax, and other exciting changes that E","website":"https://leanpub.com/understandinges6/read"}]}

16:19:28.098 [pool-2-thread-5] INFO  com.intuit.karate - karate.env system property was: null 
16:19:28.102 [pool-2-thread-5] INFO  com.intuit.karate - karate.env system property was: qa 
16:19:28.106 [pool-2-thread-5] DEBUG c.intuit.karate.core.ScenarioEngine - over-writing existing variable 'baseUrl' with new value: 'https://bookstore.toolsqa.com'
16:19:28.113 [pool-2-thread-4] INFO  com.intuit.karate - karate.env system property was: null 
16:19:28.113 [pool-2-thread-1] DEBUG com.intuit.karate - response time in milliseconds: 555
1 < 200
1 < Server: nginx/1.17.10 (Ubuntu)
1 < Date: Mon, 12 Jan 2026 19:19:29 GMT
1 < Content-Type: application/json; charset=utf-8
1 < Content-Length: 4514
1 < Connection: keep-alive
1 < X-Powered-By: Express
1 < ETag: W/"11a2-8zfX++QwcgaCjSU6F8JP9fUd1tY"
{"books":[{"isbn":"9781449325862","title":"Git Pocket Guide","subTitle":"A Working Introduction","author":"Richard E. Silverman","publish_date":"2020-06-04T08:48:39.000Z","publisher":"O'Reilly Media","pages":234,"description":"This pocket guide is the perfect on-the-job companion to Git, the distributed version control system. It provides a compact, readable introduction to Git for new users, as well as a reference to common commands and procedures for those of you with Git exp","website":"http://chimera.labs.oreilly.com/books/1230000000561/index.html"},{"isbn":"9781449331818","title":"Learning JavaScript Design Patterns","subTitle":"A JavaScript and jQuery Developer's Guide","author":"Addy Osmani","publish_date":"2020-06-04T09:11:40.000Z","publisher":"O'Reilly Media","pages":254,"description":"With Learning JavaScript Design Patterns, you'll learn how to write beautiful, structured, and maintainable JavaScript by applying classical and modern design patterns to the language. If you want to keep your code efficient, more manageable, and up-to-da","website":"http://www.addyosmani.com/resources/essentialjsdesignpatterns/book/"},{"isbn":"9781449337711","title":"Designing Evolvable Web APIs with ASP.NET","subTitle":"Harnessing the Power of the Web","author":"Glenn Block et al.","publish_date":"2020-06-04T09:12:43.000Z","publisher":"O'Reilly Media","pages":238,"description":"Design and build Web APIs for a broad range of clients—including browsers and mobile devices—that can adapt to change over time. This practical, hands-on guide takes you through the theory and tools you need to build evolvable HTTP services with Microsoft","website":"http://chimera.labs.oreilly.com/books/1234000001708/index.html"},{"isbn":"9781449365035","title":"Speaking JavaScript","subTitle":"An In-Depth Guide for Programmers","author":"Axel Rauschmayer","publish_date":"2014-02-01T00:00:00.000Z","publisher":"O'Reilly Media","pages":460,"description":"Like it or not, JavaScript is everywhere these days-from browser to server to mobile-and now you, too, need to learn the language or dive deeper than you have. This concise book guides you into and through JavaScript, written by a veteran programmer who o","website":"http://speakingjs.com/"},{"isbn":"9781491904244","title":"You Don't Know JS","subTitle":"ES6 & Beyond","author":"Kyle Simpson","publish_date":"2015-12-27T00:00:00.000Z","publisher":"O'Reilly Media","pages":278,"description":"No matter how much experience you have with JavaScript, odds are you don’t fully understand the language. As part of the \\\"You Don’t Know JS\\\" series, this compact guide focuses on new features available in ECMAScript 6 (ES6), the latest version of the st","website":"https://github.com/getify/You-Dont-Know-JS/tree/master/es6%20&%20beyond"},{"isbn":"9781491950296","title":"Programming JavaScript Applications","subTitle":"Robust Web Architecture with Node, HTML5, and Modern JS Libraries","author":"Eric Elliott","publish_date":"2014-07-01T00:00:00.000Z","publisher":"O'Reilly Media","pages":254,"description":"Take advantage of JavaScript's power to build robust web-scale or enterprise applications that are easy to extend and maintain. By applying the design patterns outlined in this practical book, experienced JavaScript developers will learn how to write flex","website":"http://chimera.labs.oreilly.com/books/1234000000262/index.html"},{"isbn":"9781593275846","title":"Eloquent JavaScript, Second Edition","subTitle":"A Modern Introduction to Programming","author":"Marijn Haverbeke","publish_date":"2014-12-14T00:00:00.000Z","publisher":"No Starch Press","pages":472,"description":"JavaScript lies at the heart of almost every modern web application, from social apps to the newest browser-based games. Though simple for beginners to pick up and play with, JavaScript is a flexible, complex language that you can use to build full-scale ","website":"http://eloquentjavascript.net/"},{"isbn":"9781593277574","title":"Understanding ECMAScript 6","subTitle":"The Definitive Guide for JavaScript Developers","author":"Nicholas C. Zakas","publish_date":"2016-09-03T00:00:00.000Z","publisher":"No Starch Press","pages":352,"description":"ECMAScript 6 represents the biggest update to the core of JavaScript in the history of the language. In Understanding ECMAScript 6, expert developer Nicholas C. Zakas provides a complete guide to the object types, syntax, and other exciting changes that E","website":"https://leanpub.com/understandinges6/read"}]}

16:19:28.115 [pool-2-thread-4] INFO  com.intuit.karate - karate.env system property was: qa 
16:19:28.119 [pool-2-thread-4] DEBUG c.intuit.karate.core.ScenarioEngine - over-writing existing variable 'baseUrl' with new value: 'https://bookstore.toolsqa.com'
16:19:28.119 [pool-2-thread-3] DEBUG com.intuit.karate - response time in milliseconds: 561
1 < 200
1 < Server: nginx/1.17.10 (Ubuntu)
1 < Date: Mon, 12 Jan 2026 19:19:29 GMT
1 < Content-Type: application/json; charset=utf-8
1 < Content-Length: 4514
1 < Connection: keep-alive
1 < X-Powered-By: Express
1 < ETag: W/"11a2-8zfX++QwcgaCjSU6F8JP9fUd1tY"
{"books":[{"isbn":"9781449325862","title":"Git Pocket Guide","subTitle":"A Working Introduction","author":"Richard E. Silverman","publish_date":"2020-06-04T08:48:39.000Z","publisher":"O'Reilly Media","pages":234,"description":"This pocket guide is the perfect on-the-job companion to Git, the distributed version control system. It provides a compact, readable introduction to Git for new users, as well as a reference to common commands and procedures for those of you with Git exp","website":"http://chimera.labs.oreilly.com/books/1230000000561/index.html"},{"isbn":"9781449331818","title":"Learning JavaScript Design Patterns","subTitle":"A JavaScript and jQuery Developer's Guide","author":"Addy Osmani","publish_date":"2020-06-04T09:11:40.000Z","publisher":"O'Reilly Media","pages":254,"description":"With Learning JavaScript Design Patterns, you'll learn how to write beautiful, structured, and maintainable JavaScript by applying classical and modern design patterns to the language. If you want to keep your code efficient, more manageable, and up-to-da","website":"http://www.addyosmani.com/resources/essentialjsdesignpatterns/book/"},{"isbn":"9781449337711","title":"Designing Evolvable Web APIs with ASP.NET","subTitle":"Harnessing the Power of the Web","author":"Glenn Block et al.","publish_date":"2020-06-04T09:12:43.000Z","publisher":"O'Reilly Media","pages":238,"description":"Design and build Web APIs for a broad range of clients—including browsers and mobile devices—that can adapt to change over time. This practical, hands-on guide takes you through the theory and tools you need to build evolvable HTTP services with Microsoft","website":"http://chimera.labs.oreilly.com/books/1234000001708/index.html"},{"isbn":"9781449365035","title":"Speaking JavaScript","subTitle":"An In-Depth Guide for Programmers","author":"Axel Rauschmayer","publish_date":"2014-02-01T00:00:00.000Z","publisher":"O'Reilly Media","pages":460,"description":"Like it or not, JavaScript is everywhere these days-from browser to server to mobile-and now you, too, need to learn the language or dive deeper than you have. This concise book guides you into and through JavaScript, written by a veteran programmer who o","website":"http://speakingjs.com/"},{"isbn":"9781491904244","title":"You Don't Know JS","subTitle":"ES6 & Beyond","author":"Kyle Simpson","publish_date":"2015-12-27T00:00:00.000Z","publisher":"O'Reilly Media","pages":278,"description":"No matter how much experience you have with JavaScript, odds are you don’t fully understand the language. As part of the \\\"You Don’t Know JS\\\" series, this compact guide focuses on new features available in ECMAScript 6 (ES6), the latest version of the st","website":"https://github.com/getify/You-Dont-Know-JS/tree/master/es6%20&%20beyond"},{"isbn":"9781491950296","title":"Programming JavaScript Applications","subTitle":"Robust Web Architecture with Node, HTML5, and Modern JS Libraries","author":"Eric Elliott","publish_date":"2014-07-01T00:00:00.000Z","publisher":"O'Reilly Media","pages":254,"description":"Take advantage of JavaScript's power to build robust web-scale or enterprise applications that are easy to extend and maintain. By applying the design patterns outlined in this practical book, experienced JavaScript developers will learn how to write flex","website":"http://chimera.labs.oreilly.com/books/1234000000262/index.html"},{"isbn":"9781593275846","title":"Eloquent JavaScript, Second Edition","subTitle":"A Modern Introduction to Programming","author":"Marijn Haverbeke","publish_date":"2014-12-14T00:00:00.000Z","publisher":"No Starch Press","pages":472,"description":"JavaScript lies at the heart of almost every modern web application, from social apps to the newest browser-based games. Though simple for beginners to pick up and play with, JavaScript is a flexible, complex language that you can use to build full-scale ","website":"http://eloquentjavascript.net/"},{"isbn":"9781593277574","title":"Understanding ECMAScript 6","subTitle":"The Definitive Guide for JavaScript Developers","author":"Nicholas C. Zakas","publish_date":"2016-09-03T00:00:00.000Z","publisher":"No Starch Press","pages":352,"description":"ECMAScript 6 represents the biggest update to the core of JavaScript in the history of the language. In Understanding ECMAScript 6, expert developer Nicholas C. Zakas provides a complete guide to the object types, syntax, and other exciting changes that E","website":"https://leanpub.com/understandinges6/read"}]}

16:19:28.131 [pool-2-thread-1] DEBUG com.intuit.karate - request:
2 > POST https://bookstore.toolsqa.com/BookStore/v1/Books
2 > Authorization: Bearer eyJhbGciOiJIUzI1NiIsInR5cCI6IkpXVCJ9.eyJ1c2VyTmFtZSI6InVzZXJfYjM0NDFjNDUiLCJwYXNzd29yZCI6IlRlc3RAMTIzNDUiLCJpYXQiOjE3NjgyNDU1Njh9.65UVuZZ41vopNDcQyRJvbrIQ5Jip1-oR1SmQtAJ7W5E
2 > cache-control: no-cache
2 > Content-Type: application/json; charset=UTF-8
2 > Content-Length: 96
2 > Host: bookstore.toolsqa.com
2 > Connection: Keep-Alive
2 > User-Agent: Apache-HttpClient/4.5.14 (Java/21.0.9)
2 > Accept-Encoding: gzip,deflate
{"userId":"5ddb908e-aaa3-4f74-9c08-584521df56c1","collectionOfIsbns":[{"isbn":"9781449325862"}]}

16:19:28.129 [pool-2-thread-2] DEBUG com.intuit.karate - response time in milliseconds: 568
1 < 200
1 < Server: nginx/1.17.10 (Ubuntu)
1 < Date: Mon, 12 Jan 2026 19:19:29 GMT
1 < Content-Type: application/json; charset=utf-8
1 < Content-Length: 4514
1 < Connection: keep-alive
1 < X-Powered-By: Express
1 < ETag: W/"11a2-8zfX++QwcgaCjSU6F8JP9fUd1tY"
{"books":[{"isbn":"9781449325862","title":"Git Pocket Guide","subTitle":"A Working Introduction","author":"Richard E. Silverman","publish_date":"2020-06-04T08:48:39.000Z","publisher":"O'Reilly Media","pages":234,"description":"This pocket guide is the perfect on-the-job companion to Git, the distributed version control system. It provides a compact, readable introduction to Git for new users, as well as a reference to common commands and procedures for those of you with Git exp","website":"http://chimera.labs.oreilly.com/books/1230000000561/index.html"},{"isbn":"9781449331818","title":"Learning JavaScript Design Patterns","subTitle":"A JavaScript and jQuery Developer's Guide","author":"Addy Osmani","publish_date":"2020-06-04T09:11:40.000Z","publisher":"O'Reilly Media","pages":254,"description":"With Learning JavaScript Design Patterns, you'll learn how to write beautiful, structured, and maintainable JavaScript by applying classical and modern design patterns to the language. If you want to keep your code efficient, more manageable, and up-to-da","website":"http://www.addyosmani.com/resources/essentialjsdesignpatterns/book/"},{"isbn":"9781449337711","title":"Designing Evolvable Web APIs with ASP.NET","subTitle":"Harnessing the Power of the Web","author":"Glenn Block et al.","publish_date":"2020-06-04T09:12:43.000Z","publisher":"O'Reilly Media","pages":238,"description":"Design and build Web APIs for a broad range of clients—including browsers and mobile devices—that can adapt to change over time. This practical, hands-on guide takes you through the theory and tools you need to build evolvable HTTP services with Microsoft","website":"http://chimera.labs.oreilly.com/books/1234000001708/index.html"},{"isbn":"9781449365035","title":"Speaking JavaScript","subTitle":"An In-Depth Guide for Programmers","author":"Axel Rauschmayer","publish_date":"2014-02-01T00:00:00.000Z","publisher":"O'Reilly Media","pages":460,"description":"Like it or not, JavaScript is everywhere these days-from browser to server to mobile-and now you, too, need to learn the language or dive deeper than you have. This concise book guides you into and through JavaScript, written by a veteran programmer who o","website":"http://speakingjs.com/"},{"isbn":"9781491904244","title":"You Don't Know JS","subTitle":"ES6 & Beyond","author":"Kyle Simpson","publish_date":"2015-12-27T00:00:00.000Z","publisher":"O'Reilly Media","pages":278,"description":"No matter how much experience you have with JavaScript, odds are you don’t fully understand the language. As part of the \\\"You Don’t Know JS\\\" series, this compact guide focuses on new features available in ECMAScript 6 (ES6), the latest version of the st","website":"https://github.com/getify/You-Dont-Know-JS/tree/master/es6%20&%20beyond"},{"isbn":"9781491950296","title":"Programming JavaScript Applications","subTitle":"Robust Web Architecture with Node, HTML5, and Modern JS Libraries","author":"Eric Elliott","publish_date":"2014-07-01T00:00:00.000Z","publisher":"O'Reilly Media","pages":254,"description":"Take advantage of JavaScript's power to build robust web-scale or enterprise applications that are easy to extend and maintain. By applying the design patterns outlined in this practical book, experienced JavaScript developers will learn how to write flex","website":"http://chimera.labs.oreilly.com/books/1234000000262/index.html"},{"isbn":"9781593275846","title":"Eloquent JavaScript, Second Edition","subTitle":"A Modern Introduction to Programming","author":"Marijn Haverbeke","publish_date":"2014-12-14T00:00:00.000Z","publisher":"No Starch Press","pages":472,"description":"JavaScript lies at the heart of almost every modern web application, from social apps to the newest browser-based games. Though simple for beginners to pick up and play with, JavaScript is a flexible, complex language that you can use to build full-scale ","website":"http://eloquentjavascript.net/"},{"isbn":"9781593277574","title":"Understanding ECMAScript 6","subTitle":"The Definitive Guide for JavaScript Developers","author":"Nicholas C. Zakas","publish_date":"2016-09-03T00:00:00.000Z","publisher":"No Starch Press","pages":352,"description":"ECMAScript 6 represents the biggest update to the core of JavaScript in the history of the language. In Understanding ECMAScript 6, expert developer Nicholas C. Zakas provides a complete guide to the object types, syntax, and other exciting changes that E","website":"https://leanpub.com/understandinges6/read"}]}

16:19:28.143 [pool-2-thread-2] DEBUG com.intuit.karate - request:
2 > GET https://bookstore.toolsqa.com/BookStore/v1/Book?ISBN=9781449325862
2 > Authorization: Bearer eyJhbGciOiJIUzI1NiIsInR5cCI6IkpXVCJ9.eyJ1c2VyTmFtZSI6InVzZXJfYjM0NDFjNDUiLCJwYXNzd29yZCI6IlRlc3RAMTIzNDUiLCJpYXQiOjE3NjgyNDU1Njh9.65UVuZZ41vopNDcQyRJvbrIQ5Jip1-oR1SmQtAJ7W5E
2 > cache-control: no-cache
2 > Content-Type: application/json
2 > Host: bookstore.toolsqa.com
2 > Connection: Keep-Alive
2 > User-Agent: Apache-HttpClient/4.5.14 (Java/21.0.9)
2 > Accept-Encoding: gzip,deflate


16:19:28.154 [pool-2-thread-5] INFO  com.intuit.karate - [print] Token: eyJhbGciOiJIUzI1NiIsInR5cCI6IkpXVCJ9.eyJ1c2VyTmFtZSI6InVzZXJfYjM0NDFjNDUiLCJwYXNzd29yZCI6IlRlc3RAMTIzNDUiLCJpYXQiOjE3NjgyNDU1Njh9.65UVuZZ41vopNDcQyRJvbrIQ5Jip1-oR1SmQtAJ7W5E 
16:19:28.155 [pool-2-thread-5] INFO  com.intuit.karate - [print] UserID: 5ddb908e-aaa3-4f74-9c08-584521df56c1 
16:19:28.156 [pool-2-thread-4] DEBUG com.intuit.karate - request:
1 > POST https://bookstore.toolsqa.com/Account/v1/User
1 > cache-control: no-cache
1 > Content-Type: application/json; charset=UTF-8
1 > Content-Length: 52
1 > Host: bookstore.toolsqa.com
1 > Connection: Keep-Alive
1 > User-Agent: Apache-HttpClient/4.5.14 (Java/21.0.9)
1 > Accept-Encoding: gzip,deflate
{"userName":"user_7217b06c","password":"Test@12345"}

16:19:28.162 [pool-2-thread-3] DEBUG com.intuit.karate - request:
2 > PUT https://bookstore.toolsqa.com/BookStore/v1/Books/9781449325862
2 > Authorization: Bearer eyJhbGciOiJIUzI1NiIsInR5cCI6IkpXVCJ9.eyJ1c2VyTmFtZSI6InVzZXJfYjM0NDFjNDUiLCJwYXNzd29yZCI6IlRlc3RAMTIzNDUiLCJpYXQiOjE3NjgyNDU1Njh9.65UVuZZ41vopNDcQyRJvbrIQ5Jip1-oR1SmQtAJ7W5E
2 > cache-control: no-cache
2 > Content-Type: application/json; charset=UTF-8
2 > Content-Length: 72
2 > Host: bookstore.toolsqa.com
2 > Connection: Keep-Alive
2 > User-Agent: Apache-HttpClient/4.5.14 (Java/21.0.9)
2 > Accept-Encoding: gzip,deflate
{"userId":"5ddb908e-aaa3-4f74-9c08-584521df56c1","isbn":"9781449331818"}

16:19:28.164 [pool-2-thread-5] DEBUG com.intuit.karate - request:
1 > POST https://bookstore.toolsqa.com/BookStore/v1/Books
1 > Authorization: Bearer eyJhbGciOiJIUzI1NiIsInR5cCI6IkpXVCJ9.eyJ1c2VyTmFtZSI6InVzZXJfYjM0NDFjNDUiLCJwYXNzd29yZCI6IlRlc3RAMTIzNDUiLCJpYXQiOjE3NjgyNDU1Njh9.65UVuZZ41vopNDcQyRJvbrIQ5Jip1-oR1SmQtAJ7W5E
1 > cache-control: no-cache
1 > Content-Type: application/json; charset=UTF-8
1 > Content-Length: 56
1 > Host: bookstore.toolsqa.com
1 > Connection: Keep-Alive
1 > User-Agent: Apache-HttpClient/4.5.14 (Java/21.0.9)
1 > Accept-Encoding: gzip,deflate
{"userId":"abc","collectionOfIsbns":[{"isbn":"9xc862"}]}

16:19:28.690 [pool-2-thread-2] DEBUG com.intuit.karate - response time in milliseconds: 546
2 < 200
2 < Server: nginx/1.17.10 (Ubuntu)
2 < Date: Mon, 12 Jan 2026 19:19:30 GMT
2 < Content-Type: application/json; charset=utf-8
2 < Content-Length: 549
2 < Connection: keep-alive
2 < X-Powered-By: Express
2 < ETag: W/"225-6wegpsdSbs3Zjpo/5fzJQey1dRQ"
{"isbn":"9781449325862","title":"Git Pocket Guide","subTitle":"A Working Introduction","author":"Richard E. Silverman","publish_date":"2020-06-04T08:48:39.000Z","publisher":"O'Reilly Media","pages":234,"description":"This pocket guide is the perfect on-the-job companion to Git, the distributed version control system. It provides a compact, readable introduction to Git for new users, as well as a reference to common commands and procedures for those of you with Git exp","website":"http://chimera.labs.oreilly.com/books/1230000000561/index.html"}

16:19:28.705 [pool-2-thread-5] DEBUG com.intuit.karate - response time in milliseconds: 540
1 < 401
1 < Server: nginx/1.17.10 (Ubuntu)
1 < Date: Mon, 12 Jan 2026 19:19:30 GMT
1 < Content-Type: application/json; charset=utf-8
1 < Content-Length: 48
1 < Connection: keep-alive
1 < X-Powered-By: Express
1 < ETag: W/"30-zoAnprTpYK9HmHYlpHOx6U+Br2A"
{"code":"1207","message":"User Id not correct!"}

16:19:28.706 [pool-2-thread-2] INFO  com.intuit.karate - karate.env system property was: null 
16:19:28.710 [pool-2-thread-2] INFO  com.intuit.karate - karate.env system property was: qa 
16:19:28.713 [pool-2-thread-2] DEBUG c.intuit.karate.core.ScenarioEngine - over-writing existing variable 'baseUrl' with new value: 'https://bookstore.toolsqa.com'
16:19:28.713 [pool-2-thread-5] INFO  com.intuit.karate - karate.env system property was: null 
16:19:28.715 [pool-2-thread-5] INFO  com.intuit.karate - karate.env system property was: qa 
16:19:28.719 [pool-2-thread-2] INFO  com.intuit.karate - >> lock acquired, begin callonce: read('classpath:features/users/generate-token.feature')
16:19:28.719 [pool-2-thread-5] DEBUG c.intuit.karate.core.ScenarioEngine - over-writing existing variable 'baseUrl' with new value: 'https://bookstore.toolsqa.com'
16:19:28.741 [pool-2-thread-2] DEBUG com.intuit.karate - request:
1 > POST https://bookstore.toolsqa.com/Account/v1/User
1 > cache-control: no-cache
1 > Content-Type: application/json; charset=UTF-8
1 > Content-Length: 52
1 > Host: bookstore.toolsqa.com
1 > Connection: Keep-Alive
1 > User-Agent: Apache-HttpClient/4.5.14 (Java/21.0.9)
1 > Accept-Encoding: gzip,deflate
{"userName":"user_bcbc28f8","password":"Test@12345"}

16:19:29.109 [pool-2-thread-1] DEBUG com.intuit.karate - response time in milliseconds: 976
2 < 201
2 < Server: nginx/1.17.10 (Ubuntu)
2 < Date: Mon, 12 Jan 2026 19:19:30 GMT
2 < Content-Type: application/json; charset=utf-8
2 < Content-Length: 36
2 < Connection: keep-alive
2 < X-Powered-By: Express
2 < ETag: W/"24-2U7DK3nFgERO/LjA8mW3SiqYyFc"
{"books":[{"isbn":"9781449325862"}]}

16:19:29.737 [pool-2-thread-3] DEBUG com.intuit.karate - response time in milliseconds: 1574
2 < 200
2 < Server: nginx/1.17.10 (Ubuntu)
2 < Date: Mon, 12 Jan 2026 19:19:31 GMT
2 < Content-Type: application/json; charset=utf-8
2 < Content-Length: 670
2 < Connection: keep-alive
2 < X-Powered-By: Express
2 < ETag: W/"29e-LRYOo9BAgGy8SCsGBawquEJPxsE"
{"userId":"5ddb908e-aaa3-4f74-9c08-584521df56c1","username":"user_b3441c45","books":[{"isbn":"9781449331818","title":"Learning JavaScript Design Patterns","subTitle":"A JavaScript and jQuery Developer's Guide","author":"Addy Osmani","publish_date":"2020-06-04T09:11:40.000Z","publisher":"O'Reilly Media","pages":254,"description":"With Learning JavaScript Design Patterns, you'll learn how to write beautiful, structured, and maintainable JavaScript by applying classical and modern design patterns to the language. If you want to keep your code efficient, more manageable, and up-to-da","website":"http://www.addyosmani.com/resources/essentialjsdesignpatterns/book/"}]}

16:19:30.180 [pool-2-thread-2] DEBUG com.intuit.karate - response time in milliseconds: 1439
1 < 201
1 < Server: nginx/1.17.10 (Ubuntu)
1 < Date: Mon, 12 Jan 2026 19:19:31 GMT
1 < Content-Type: application/json; charset=utf-8
1 < Content-Length: 87
1 < Connection: keep-alive
1 < X-Powered-By: Express
1 < ETag: W/"57-228skTjdYduf4NRB67xVKih5NDw"
{"userID":"b69cb381-524c-4a48-8df6-64d9dd021201","username":"user_bcbc28f8","books":[]}

16:19:30.180 [pool-2-thread-4] DEBUG com.intuit.karate - response time in milliseconds: 2024
1 < 201
1 < Server: nginx/1.17.10 (Ubuntu)
1 < Date: Mon, 12 Jan 2026 19:19:31 GMT
1 < Content-Type: application/json; charset=utf-8
1 < Content-Length: 87
1 < Connection: keep-alive
1 < X-Powered-By: Express
1 < ETag: W/"57-/UL2Y+2WYVVaBL+CftquNQj5A+w"
{"userID":"c5ed8327-0351-4830-ac42-e22de36faee8","username":"user_7217b06c","books":[]}

16:19:30.180 [pool-2-thread-2] INFO  com.intuit.karate - [print] UserId criado: b69cb381-524c-4a48-8df6-64d9dd021201 
16:19:30.180 [pool-2-thread-4] INFO  com.intuit.karate - [print] UserId criado: c5ed8327-0351-4830-ac42-e22de36faee8 
16:19:30.195 [pool-2-thread-4] DEBUG com.intuit.karate - request:
2 > POST https://bookstore.toolsqa.com/Account/v1/GenerateToken
2 > cache-control: no-cache
2 > Content-Type: application/json; charset=UTF-8
2 > Content-Length: 52
2 > Host: bookstore.toolsqa.com
2 > Connection: Keep-Alive
2 > User-Agent: Apache-HttpClient/4.5.14 (Java/21.0.9)
2 > Accept-Encoding: gzip,deflate
{"userName":"user_7217b06c","password":"Test@12345"}

16:19:30.195 [pool-2-thread-2] DEBUG com.intuit.karate - request:
2 > POST https://bookstore.toolsqa.com/Account/v1/GenerateToken
2 > cache-control: no-cache
2 > Content-Type: application/json; charset=UTF-8
2 > Content-Length: 52
2 > Host: bookstore.toolsqa.com
2 > Connection: Keep-Alive
2 > User-Agent: Apache-HttpClient/4.5.14 (Java/21.0.9)
2 > Accept-Encoding: gzip,deflate
{"userName":"user_bcbc28f8","password":"Test@12345"}

16:19:31.664 [pool-2-thread-2] DEBUG com.intuit.karate - response time in milliseconds: 1467
2 < 200
2 < Server: nginx/1.17.10 (Ubuntu)
2 < Date: Mon, 12 Jan 2026 19:19:33 GMT
2 < Content-Type: application/json; charset=utf-8
2 < Content-Length: 282
2 < Connection: keep-alive
2 < X-Powered-By: Express
2 < ETag: W/"11a-ED4VRKTjJUTDed6mUF0CYq8T8E8"
{"token":"eyJhbGciOiJIUzI1NiIsInR5cCI6IkpXVCJ9.eyJ1c2VyTmFtZSI6InVzZXJfYmNiYzI4ZjgiLCJwYXNzd29yZCI6IlRlc3RAMTIzNDUiLCJpYXQiOjE3NjgyNDU1NzJ9.asi_6OV4ZI5ZMH6h1wjx0LVf4KoJeIHDGKIbkdULyzY","expires":"2026-01-19T19:19:32.320Z","status":"Success","result":"User authorized successfully."}

16:19:31.672 [pool-2-thread-2] INFO  com.intuit.karate - [print] Generated token: eyJhbGciOiJIUzI1NiIsInR5cCI6IkpXVCJ9.eyJ1c2VyTmFtZSI6InVzZXJfYmNiYzI4ZjgiLCJwYXNzd29yZCI6IlRlc3RAMTIzNDUiLCJpYXQiOjE3NjgyNDU1NzJ9.asi_6OV4ZI5ZMH6h1wjx0LVf4KoJeIHDGKIbkdULyzY 
16:19:31.673 [pool-2-thread-2] INFO  com.intuit.karate - << lock released, cached callonce: read('classpath:features/users/generate-token.feature')
16:19:31.673 [pool-2-thread-5] WARN  com.intuit.karate - this thread waited 2947 milliseconds for callonce lock: read('classpath:features/users/generate-token.feature')
16:19:31.679 [pool-2-thread-5] DEBUG com.intuit.karate - request:
1 > DELETE https://bookstore.toolsqa.com/Account/v1/User?UUID=b69cb381-524c-4a48-8df6-64d9dd021201
1 > cache-control: no-cache
1 > Content-Type: application/json
1 > Host: bookstore.toolsqa.com
1 > Connection: Keep-Alive
1 > User-Agent: Apache-HttpClient/4.5.14 (Java/21.0.9)
1 > Accept-Encoding: gzip,deflate


16:19:31.711 [pool-2-thread-2] DEBUG com.intuit.karate - request:
1 > POST https://bookstore.toolsqa.com/Account/v1/User
1 > cache-control: no-cache
1 > Content-Type: application/json; charset=UTF-8
1 > Content-Length: 39
1 > Host: bookstore.toolsqa.com
1 > Connection: Keep-Alive
1 > User-Agent: Apache-HttpClient/4.5.14 (Java/21.0.9)
1 > Accept-Encoding: gzip,deflate
{"userName":"Test","password":"123456"}

16:19:32.215 [pool-2-thread-5] DEBUG com.intuit.karate - request:
2 > DELETE https://bookstore.toolsqa.com/Account/v1/User?UUID=b69cb381-524c-4a48-8df6-64d9dd021201
2 > cache-control: no-cache
2 > Content-Type: application/json
2 > Host: bookstore.toolsqa.com
2 > Connection: Keep-Alive
2 > User-Agent: Apache-HttpClient/4.5.14 (Java/21.0.9)
2 > Accept-Encoding: gzip,deflate


16:19:32.219 [pool-2-thread-2] DEBUG com.intuit.karate - response time in milliseconds: 506
1 < 400
1 < Server: nginx/1.17.10 (Ubuntu)
1 < Date: Mon, 12 Jan 2026 19:19:33 GMT
1 < Content-Type: application/json; charset=utf-8
1 < Content-Length: 230
1 < Connection: keep-alive
1 < X-Powered-By: Express
1 < ETag: W/"e6-Suxub+fxI99/3YEWz5cjyd3KlvQ"
{"code":"1300","message":"Passwords must have at least one non alphanumeric character, one digit ('0'-'9'), one uppercase ('A'-'Z'), one lowercase ('a'-'z'), one special character and Password must be eight characters or longer."}

16:19:32.391 [pool-2-thread-5] DEBUG com.intuit.karate - request:
3 > DELETE https://bookstore.toolsqa.com/Account/v1/User?UUID=b69cb381-524c-4a48-8df6-64d9dd021201
3 > cache-control: no-cache
3 > Content-Type: application/json
3 > Host: bookstore.toolsqa.com
3 > Connection: Keep-Alive
3 > User-Agent: Apache-HttpClient/4.5.14 (Java/21.0.9)
3 > Accept-Encoding: gzip,deflate


16:19:32.576 [pool-2-thread-4] DEBUG com.intuit.karate - response time in milliseconds: 2380
2 < 200
2 < Server: nginx/1.17.10 (Ubuntu)
2 < Date: Mon, 12 Jan 2026 19:19:34 GMT
2 < Content-Type: application/json; charset=utf-8
2 < Content-Length: 282
2 < Connection: keep-alive
2 < X-Powered-By: Express
2 < ETag: W/"11a-vfXOzw8x06UkX/OssHESzCvduDs"
{"token":"eyJhbGciOiJIUzI1NiIsInR5cCI6IkpXVCJ9.eyJ1c2VyTmFtZSI6InVzZXJfNzIxN2IwNmMiLCJwYXNzd29yZCI6IlRlc3RAMTIzNDUiLCJpYXQiOjE3NjgyNDU1NzJ9.Y2yUh0j4ffvQCN47bnPpcYDNvbx7Nsj8q1OOOwt2W44","expires":"2026-01-19T19:19:32.335Z","status":"Success","result":"User authorized successfully."}

16:19:32.580 [pool-2-thread-4] INFO  com.intuit.karate - [print] Generated token: eyJhbGciOiJIUzI1NiIsInR5cCI6IkpXVCJ9.eyJ1c2VyTmFtZSI6InVzZXJfNzIxN2IwNmMiLCJwYXNzd29yZCI6IlRlc3RAMTIzNDUiLCJpYXQiOjE3NjgyNDU1NzJ9.Y2yUh0j4ffvQCN47bnPpcYDNvbx7Nsj8q1OOOwt2W44 
16:19:32.746 [pool-2-thread-5] DEBUG com.intuit.karate - response time in milliseconds: 185
3 < 200
3 < Server: nginx/1.17.10 (Ubuntu)
3 < Date: Mon, 12 Jan 2026 19:19:34 GMT
3 < Content-Type: text/html; charset=utf-8
3 < Transfer-Encoding: chunked
3 < Connection: keep-alive
3 < X-Powered-By: Express
3 < ETag: W/"c1f-F2xZTJLKhCo1XhlvmwRwwX3nXPs"

<!-- HTML for static distribution bundle build -->
<!DOCTYPE html>
<html lang="en">
<head>
  <meta charset="UTF-8">
  <title>Swagger UI</title>
  <link rel="stylesheet" type="text/css" href="./swagger-ui.css" >
  <link rel="icon" type="image/png" href="./favicon-32x32.png" sizes="32x32" /><link rel="icon" type="image/png" href="./favicon-16x16.png" sizes="16x16" />
  <style>
    html
    {
      box-sizing: border-box;
      overflow: -moz-scrollbars-vertical;
      overflow-y: scroll;
    }
    *,
    *:before,
    *:after
    {
      box-sizing: inherit;
    }

    body {
      margin:0;
      background: #fafafa;
    }
  </style>
</head>

<body>

<svg xmlns="http://www.w3.org/2000/svg" xmlns:xlink="http://www.w3.org/1999/xlink" style="position:absolute;width:0;height:0">
  <defs>
    <symbol viewBox="0 0 20 20" id="unlocked">
      <path d="M15.8 8H14V5.6C14 2.703 12.665 1 10 1 7.334 1 6 2.703 6 5.6V6h2v-.801C8 3.754 8.797 3 10 3c1.203 0 2 .754 2 2.199V8H4c-.553 0-1 .646-1 1.199V17c0 .549.428 1.139.951 1.307l1.197.387C5.672 18.861 6.55 19 7.1 19h5.8c.549 0 1.428-.139 1.951-.307l1.196-.387c.524-.167.953-.757.953-1.306V9.199C17 8.646 16.352 8 15.8 8z"></path>
    </symbol>

    <symbol viewBox="0 0 20 20" id="locked">
      <path d="M15.8 8H14V5.6C14 2.703 12.665 1 10 1 7.334 1 6 2.703 6 5.6V8H4c-.553 0-1 .646-1 1.199V17c0 .549.428 1.139.951 1.307l1.197.387C5.672 18.861 6.55 19 7.1 19h5.8c.549 0 1.428-.139 1.951-.307l1.196-.387c.524-.167.953-.757.953-1.306V9.199C17 8.646 16.352 8 15.8 8zM12 8H8V5.199C8 3.754 8.797 3 10 3c1.203 0 2 .754 2 2.199V8z"/>
    </symbol>

    <symbol viewBox="0 0 20 20" id="close">
      <path d="M14.348 14.849c-.469.469-1.229.469-1.697 0L10 11.819l-2.651 3.029c-.469.469-1.229.469-1.697 0-.469-.469-.469-1.229 0-1.697l2.758-3.15-2.759-3.152c-.469-.469-.469-1.228 0-1.697.469-.469 1.228-.469 1.697 0L10 8.183l2.651-3.031c.469-.469 1.228-.469 1.697 0 .469.469.469 1.229 0 1.697l-2.758 3.152 2.758 3.15c.469.469.469 1.229 0 1.698z"/>
    </symbol>

    <symbol viewBox="0 0 20 20" id="large-arrow">
      <path d="M13.25 10L6.109 2.58c-.268-.27-.268-.707 0-.979.268-.27.701-.27.969 0l7.83 7.908c.268.271.268.709 0 .979l-7.83 7.908c-.268.271-.701.27-.969 0-.268-.269-.268-.707 0-.979L13.25 10z"/>
    </symbol>

    <symbol viewBox="0 0 20 20" id="large-arrow-down">
      <path d="M17.418 6.109c.272-.268.709-.268.979 0s.271.701 0 .969l-7.908 7.83c-.27.268-.707.268-.979 0l-7.908-7.83c-.27-.268-.27-.701 0-.969.271-.268.709-.268.979 0L10 13.25l7.418-7.141z"/>
    </symbol>


    <symbol viewBox="0 0 24 24" id="jump-to">
      <path d="M19 7v4H5.83l3.58-3.59L8 6l-6 6 6 6 1.41-1.41L5.83 13H21V7z"/>
    </symbol>

    <symbol viewBox="0 0 24 24" id="expand">
      <path d="M10 18h4v-2h-4v2zM3 6v2h18V6H3zm3 7h12v-2H6v2z"/>
    </symbol>

  </defs>
</svg>

<div id="swagger-ui"></div>

<script src="./swagger-ui-bundle.js"> </script>
<script src="./swagger-ui-standalone-preset.js"> </script>
<script src="./swagger-ui-init.js"> </script>



<style>
  .swagger-ui .topbar .download-url-wrapper { display: none } undefined
</style>
</body>

</html>


---------------------------------------------------------
feature: classpath:features/books/books.feature
scenarios:  6 | passed:  6 | failed:  0 | time: 28,0841
---------------------------------------------------------

16:19:34.814 [pool-3-thread-1] INFO  com.intuit.karate.Suite - <<pass>> feature 1 of 3 (2 remaining) classpath:features/books/books.feature
---------------------------------------------------------
feature: classpath:features/users/generate-token.feature
scenarios:  1 | passed:  1 | failed:  0 | time: 4,4594
---------------------------------------------------------

16:19:35.242 [pool-3-thread-1] INFO  com.intuit.karate.Suite - <<pass>> feature 2 of 3 (1 remaining) classpath:features/users/generate-token.feature
---------------------------------------------------------
feature: classpath:features/users/users.feature
scenarios:  2 | passed:  2 | failed:  0 | time: 7,5644
---------------------------------------------------------

16:19:36.077 [pool-3-thread-1] INFO  com.intuit.karate.Suite - <<pass>> feature 3 of 3 (0 remaining) classpath:features/users/users.feature
Karate version: 1.5.0
======================================================
elapsed:  20,82 | threads:    5 | thread time: 40,11 
features:     3 | skipped:    0 | efficiency: 0,39
scenarios:    9 | passed:     9 | failed: 0
======================================================

HTML report: (paste into browser to view) | Karate version: 1.5.0
file:///C:/Users/melin/projects/karate-desafio/target/karate-reports/karate-summary.html
===================================================================

]]></system-out>
  </testcase>
</testsuite>