<?xml version="1.0" encoding="UTF-8"?>
<testsuite xmlns:xsi="http://www.w3.org/2001/XMLSchema-instance" xsi:noNamespaceSchemaLocation="https://maven.apache.org/surefire/maven-surefire-plugin/xsd/surefire-test-report-3.0.xsd" version="3.0" name="features.KarateTest" time="29.811" tests="1" errors="0" skipped="0" failures="0">
  <properties>
[...]
</properties>
  <testcase name="testParallel" classname="features.KarateTest" time="29.708">
    <system-out><![CDATA[17:21:40.507 [main] DEBUG com.intuit.karate.Suite - [config] classpath:karate-config.js
17:21:40.537 [main] INFO  com.intuit.karate.Suite - backed up existing 'target\karate-reports' dir to: target\karate-reports_1768249300521
17:21:40.556 [main] DEBUG com.intuit.karate.Suite - waiting for 3 features to complete
17:21:48.633 [pool-2-thread-5] INFO  com.intuit.karate - karate.env system property was: null 
17:21:48.633 [pool-2-thread-4] INFO  com.intuit.karate - karate.env system property was: null 
17:21:48.633 [pool-2-thread-3] INFO  com.intuit.karate - karate.env system property was: null 
17:21:48.633 [pool-2-thread-2] INFO  com.intuit.karate - karate.env system property was: null 
17:21:48.633 [pool-2-thread-1] INFO  com.intuit.karate - karate.env system property was: null 
17:21:49.091 [pool-2-thread-2] INFO  com.intuit.karate - karate.env system property was: qa 
17:21:49.092 [pool-2-thread-1] INFO  com.intuit.karate - karate.env system property was: qa 
17:21:49.091 [pool-2-thread-5] INFO  com.intuit.karate - karate.env system property was: qa 
17:21:49.092 [pool-2-thread-4] INFO  com.intuit.karate - karate.env system property was: qa 
17:21:49.091 [pool-2-thread-3] INFO  com.intuit.karate - karate.env system property was: qa 
17:21:49.197 [pool-2-thread-4] DEBUG c.intuit.karate.core.ScenarioEngine - over-writing existing variable 'baseUrl' with new value: 'https://bookstore.toolsqa.com'
17:21:49.197 [pool-2-thread-2] DEBUG c.intuit.karate.core.ScenarioEngine - over-writing existing variable 'baseUrl' with new value: 'https://bookstore.toolsqa.com'
17:21:49.197 [pool-2-thread-3] DEBUG c.intuit.karate.core.ScenarioEngine - over-writing existing variable 'baseUrl' with new value: 'https://bookstore.toolsqa.com'
17:21:49.197 [pool-2-thread-5] DEBUG c.intuit.karate.core.ScenarioEngine - over-writing existing variable 'baseUrl' with new value: 'https://bookstore.toolsqa.com'
17:21:49.197 [pool-2-thread-1] DEBUG c.intuit.karate.core.ScenarioEngine - over-writing existing variable 'baseUrl' with new value: 'https://bookstore.toolsqa.com'
17:21:49.243 [pool-2-thread-5] INFO  com.intuit.karate - >> lock acquired, begin callonce: read('classpath:features/users/generate-token.feature')
17:21:50.929 [pool-2-thread-5] DEBUG com.intuit.karate - request:
1 > POST https://bookstore.toolsqa.com/Account/v1/User
1 > cache-control: no-cache
1 > Content-Type: application/json; charset=UTF-8
1 > Content-Length: 52
1 > Host: bookstore.toolsqa.com
1 > Connection: Keep-Alive
1 > User-Agent: Apache-HttpClient/4.5.14 (Java/21.0.9)
1 > Accept-Encoding: gzip,deflate
{"userName":"user_eca50f59","password":"Test@12345"}

17:21:53.666 [pool-2-thread-5] DEBUG com.intuit.karate - response time in milliseconds: 2728
1 < 201
1 < Server: nginx/1.17.10 (Ubuntu)
1 < Date: Mon, 12 Jan 2026 20:21:55 GMT
1 < Content-Type: application/json; charset=utf-8
1 < Content-Length: 87
1 < Connection: keep-alive
1 < X-Powered-By: Express
1 < ETag: W/"57-hOEqQnzZeU8XY1m6B7e7wXaEWsQ"
{"userID":"5d594d0d-d065-4802-9635-33ff818f5ab3","username":"user_eca50f59","books":[]}

17:21:53.703 [pool-2-thread-5] DEBUG com.intuit.karate - request:
2 > POST https://bookstore.toolsqa.com/Account/v1/GenerateToken
2 > cache-control: no-cache
2 > Content-Type: application/json; charset=UTF-8
2 > Content-Length: 52
2 > Host: bookstore.toolsqa.com
2 > Connection: Keep-Alive
2 > User-Agent: Apache-HttpClient/4.5.14 (Java/21.0.9)
2 > Accept-Encoding: gzip,deflate
{"userName":"user_eca50f59","password":"Test@12345"}

17:21:54.894 [pool-2-thread-5] DEBUG com.intuit.karate - response time in milliseconds: 1189
2 < 200
2 < Server: nginx/1.17.10 (Ubuntu)
2 < Date: Mon, 12 Jan 2026 20:21:56 GMT
2 < Content-Type: application/json; charset=utf-8
2 < Content-Length: 282
2 < Connection: keep-alive
2 < X-Powered-By: Express
2 < ETag: W/"11a-zbjdXRNMDlbW1R78Iae2JqSZYek"
{"token":"eyJhbGciOiJIUzI1NiIsInR5cCI6IkpXVCJ9.eyJ1c2VyTmFtZSI6InVzZXJfZWNhNTBmNTkiLCJwYXNzd29yZCI6IlRlc3RAMTIzNDUiLCJpYXQiOjE3NjgyNDkzMTV9.0705QeIWJAP5OiaxVKxTqqTy6Oc9291gorWisz1l82c","expires":"2026-01-19T20:21:55.848Z","status":"Success","result":"User authorized successfully."}

17:21:54.906 [pool-2-thread-5] INFO  com.intuit.karate - << lock released, cached callonce: read('classpath:features/users/generate-token.feature')
17:21:54.907 [pool-2-thread-3] WARN  com.intuit.karate - this thread waited 5658 milliseconds for callonce lock: read('classpath:features/users/generate-token.feature')
17:21:54.907 [pool-2-thread-1] WARN  com.intuit.karate - this thread waited 5661 milliseconds for callonce lock: read('classpath:features/users/generate-token.feature')
17:21:54.908 [pool-2-thread-4] WARN  com.intuit.karate - this thread waited 5662 milliseconds for callonce lock: read('classpath:features/users/generate-token.feature')
17:21:54.910 [pool-2-thread-2] WARN  com.intuit.karate - this thread waited 5667 milliseconds for callonce lock: read('classpath:features/users/generate-token.feature')
17:21:54.914 [pool-2-thread-5] INFO  com.intuit.karate - [print] Token: eyJhbGciOiJIUzI1NiIsInR5cCI6IkpXVCJ9.eyJ1c2VyTmFtZSI6InVzZXJfZWNhNTBmNTkiLCJwYXNzd29yZCI6IlRlc3RAMTIzNDUiLCJpYXQiOjE3NjgyNDkzMTV9.0705QeIWJAP5OiaxVKxTqqTy6Oc9291gorWisz1l82c 
17:21:54.916 [pool-2-thread-5] INFO  com.intuit.karate - [print] UserID: 5d594d0d-d065-4802-9635-33ff818f5ab3 
17:21:54.917 [pool-2-thread-2] INFO  com.intuit.karate - [print] Token: eyJhbGciOiJIUzI1NiIsInR5cCI6IkpXVCJ9.eyJ1c2VyTmFtZSI6InVzZXJfZWNhNTBmNTkiLCJwYXNzd29yZCI6IlRlc3RAMTIzNDUiLCJpYXQiOjE3NjgyNDkzMTV9.0705QeIWJAP5OiaxVKxTqqTy6Oc9291gorWisz1l82c 
17:21:54.919 [pool-2-thread-2] INFO  com.intuit.karate - [print] UserID: 5d594d0d-d065-4802-9635-33ff818f5ab3 
17:21:54.919 [pool-2-thread-1] INFO  com.intuit.karate - [print] Token: eyJhbGciOiJIUzI1NiIsInR5cCI6IkpXVCJ9.eyJ1c2VyTmFtZSI6InVzZXJfZWNhNTBmNTkiLCJwYXNzd29yZCI6IlRlc3RAMTIzNDUiLCJpYXQiOjE3NjgyNDkzMTV9.0705QeIWJAP5OiaxVKxTqqTy6Oc9291gorWisz1l82c 
17:21:54.929 [pool-2-thread-1] INFO  com.intuit.karate - [print] UserID: 5d594d0d-d065-4802-9635-33ff818f5ab3 
17:21:54.931 [pool-2-thread-3] INFO  com.intuit.karate - [print] Token: eyJhbGciOiJIUzI1NiIsInR5cCI6IkpXVCJ9.eyJ1c2VyTmFtZSI6InVzZXJfZWNhNTBmNTkiLCJwYXNzd29yZCI6IlRlc3RAMTIzNDUiLCJpYXQiOjE3NjgyNDkzMTV9.0705QeIWJAP5OiaxVKxTqqTy6Oc9291gorWisz1l82c 
17:21:54.934 [pool-2-thread-5] DEBUG com.intuit.karate - request:
1 > GET https://bookstore.toolsqa.com/BookStore/v1/Book?ISBN=3782n39n93
1 > Authorization: Bearer eyJhbGciOiJIUzI1NiIsInR5cCI6IkpXVCJ9.eyJ1c2VyTmFtZSI6InVzZXJfZWNhNTBmNTkiLCJwYXNzd29yZCI6IlRlc3RAMTIzNDUiLCJpYXQiOjE3NjgyNDkzMTV9.0705QeIWJAP5OiaxVKxTqqTy6Oc9291gorWisz1l82c
1 > cache-control: no-cache
1 > Content-Type: application/json
1 > Host: bookstore.toolsqa.com
1 > Connection: Keep-Alive
1 > User-Agent: Apache-HttpClient/4.5.14 (Java/21.0.9)
1 > Accept-Encoding: gzip,deflate


17:21:54.934 [pool-2-thread-3] INFO  com.intuit.karate - [print] UserID: 5d594d0d-d065-4802-9635-33ff818f5ab3 
17:21:54.929 [pool-2-thread-4] INFO  com.intuit.karate - [print] Token: eyJhbGciOiJIUzI1NiIsInR5cCI6IkpXVCJ9.eyJ1c2VyTmFtZSI6InVzZXJfZWNhNTBmNTkiLCJwYXNzd29yZCI6IlRlc3RAMTIzNDUiLCJpYXQiOjE3NjgyNDkzMTV9.0705QeIWJAP5OiaxVKxTqqTy6Oc9291gorWisz1l82c 
17:21:54.937 [pool-2-thread-4] INFO  com.intuit.karate - [print] UserID: 5d594d0d-d065-4802-9635-33ff818f5ab3 
17:21:54.941 [pool-2-thread-3] DEBUG com.intuit.karate - request:
1 > GET https://bookstore.toolsqa.com/BookStore/v1/Books
1 > Authorization: Bearer eyJhbGciOiJIUzI1NiIsInR5cCI6IkpXVCJ9.eyJ1c2VyTmFtZSI6InVzZXJfZWNhNTBmNTkiLCJwYXNzd29yZCI6IlRlc3RAMTIzNDUiLCJpYXQiOjE3NjgyNDkzMTV9.0705QeIWJAP5OiaxVKxTqqTy6Oc9291gorWisz1l82c
1 > cache-control: no-cache
1 > Content-Type: application/json
1 > Host: bookstore.toolsqa.com
1 > Connection: Keep-Alive
1 > User-Agent: Apache-HttpClient/4.5.14 (Java/21.0.9)
1 > Accept-Encoding: gzip,deflate


17:21:54.943 [pool-2-thread-1] DEBUG com.intuit.karate - request:
1 > GET https://bookstore.toolsqa.com/BookStore/v1/Books
1 > Authorization: Bearer eyJhbGciOiJIUzI1NiIsInR5cCI6IkpXVCJ9.eyJ1c2VyTmFtZSI6InVzZXJfZWNhNTBmNTkiLCJwYXNzd29yZCI6IlRlc3RAMTIzNDUiLCJpYXQiOjE3NjgyNDkzMTV9.0705QeIWJAP5OiaxVKxTqqTy6Oc9291gorWisz1l82c
1 > cache-control: no-cache
1 > Content-Type: application/json
1 > Host: bookstore.toolsqa.com
1 > Connection: Keep-Alive
1 > User-Agent: Apache-HttpClient/4.5.14 (Java/21.0.9)
1 > Accept-Encoding: gzip,deflate


17:21:54.944 [pool-2-thread-4] DEBUG com.intuit.karate - request:
1 > GET https://bookstore.toolsqa.com/BookStore/v1/Books
1 > Authorization: Bearer eyJhbGciOiJIUzI1NiIsInR5cCI6IkpXVCJ9.eyJ1c2VyTmFtZSI6InVzZXJfZWNhNTBmNTkiLCJwYXNzd29yZCI6IlRlc3RAMTIzNDUiLCJpYXQiOjE3NjgyNDkzMTV9.0705QeIWJAP5OiaxVKxTqqTy6Oc9291gorWisz1l82c
1 > cache-control: no-cache
1 > Content-Type: application/json
1 > Host: bookstore.toolsqa.com
1 > Connection: Keep-Alive
1 > User-Agent: Apache-HttpClient/4.5.14 (Java/21.0.9)
1 > Accept-Encoding: gzip,deflate


17:21:54.960 [pool-2-thread-2] DEBUG com.intuit.karate - request:
1 > GET https://bookstore.toolsqa.com/BookStore/v1/Books
1 > Authorization: Bearer eyJhbGciOiJIUzI1NiIsInR5cCI6IkpXVCJ9.eyJ1c2VyTmFtZSI6InVzZXJfZWNhNTBmNTkiLCJwYXNzd29yZCI6IlRlc3RAMTIzNDUiLCJpYXQiOjE3NjgyNDkzMTV9.0705QeIWJAP5OiaxVKxTqqTy6Oc9291gorWisz1l82c
1 > cache-control: no-cache
1 > Content-Type: application/json
1 > Host: bookstore.toolsqa.com
1 > Connection: Keep-Alive
1 > User-Agent: Apache-HttpClient/4.5.14 (Java/21.0.9)
1 > Accept-Encoding: gzip,deflate


17:21:55.489 [pool-2-thread-5] DEBUG com.intuit.karate - response time in milliseconds: 554
1 < 400
1 < Server: nginx/1.17.10 (Ubuntu)
1 < Date: Mon, 12 Jan 2026 20:21:57 GMT
1 < Content-Type: application/json; charset=utf-8
1 < Content-Length: 79
1 < Connection: keep-alive
1 < X-Powered-By: Express
1 < ETag: W/"4f-RpKuEeQ3Bj2uvDIxIXvc7QRyqm4"
{"code":"1205","message":"ISBN supplied is not available in Books Collection!"}

17:21:55.504 [pool-2-thread-5] INFO  com.intuit.karate - karate.env system property was: null 
17:21:55.507 [pool-2-thread-5] INFO  com.intuit.karate - karate.env system property was: qa 
17:21:55.514 [pool-2-thread-5] DEBUG c.intuit.karate.core.ScenarioEngine - over-writing existing variable 'baseUrl' with new value: 'https://bookstore.toolsqa.com'
17:21:55.514 [pool-2-thread-3] DEBUG com.intuit.karate - response time in milliseconds: 571
1 < 200
1 < Server: nginx/1.17.10 (Ubuntu)
1 < Date: Mon, 12 Jan 2026 20:21:57 GMT
1 < Content-Type: application/json; charset=utf-8
1 < Content-Length: 4514
1 < Connection: keep-alive
1 < X-Powered-By: Express
1 < ETag: W/"11a2-8zfX++QwcgaCjSU6F8JP9fUd1tY"
{"books":[{"isbn":"9781449325862","title":"Git Pocket Guide","subTitle":"A Working Introduction","author":"Richard E. Silverman","publish_date":"2020-06-04T08:48:39.000Z","publisher":"O'Reilly Media","pages":234,"description":"This pocket guide is the perfect on-the-job companion to Git, the distributed version control system. It provides a compact, readable introduction to Git for new users, as well as a reference to common commands and procedures for those of you with Git exp","website":"http://chimera.labs.oreilly.com/books/1230000000561/index.html"},{"isbn":"9781449331818","title":"Learning JavaScript Design Patterns","subTitle":"A JavaScript and jQuery Developer's Guide","author":"Addy Osmani","publish_date":"2020-06-04T09:11:40.000Z","publisher":"O'Reilly Media","pages":254,"description":"With Learning JavaScript Design Patterns, you'll learn how to write beautiful, structured, and maintainable JavaScript by applying classical and modern design patterns to the language. If you want to keep your code efficient, more manageable, and up-to-da","website":"http://www.addyosmani.com/resources/essentialjsdesignpatterns/book/"},{"isbn":"9781449337711","title":"Designing Evolvable Web APIs with ASP.NET","subTitle":"Harnessing the Power of the Web","author":"Glenn Block et al.","publish_date":"2020-06-04T09:12:43.000Z","publisher":"O'Reilly Media","pages":238,"description":"Design and build Web APIs for a broad range of clients—including browsers and mobile devices—that can adapt to change over time. This practical, hands-on guide takes you through the theory and tools you need to build evolvable HTTP services with Microsoft","website":"http://chimera.labs.oreilly.com/books/1234000001708/index.html"},{"isbn":"9781449365035","title":"Speaking JavaScript","subTitle":"An In-Depth Guide for Programmers","author":"Axel Rauschmayer","publish_date":"2014-02-01T00:00:00.000Z","publisher":"O'Reilly Media","pages":460,"description":"Like it or not, JavaScript is everywhere these days-from browser to server to mobile-and now you, too, need to learn the language or dive deeper than you have. This concise book guides you into and through JavaScript, written by a veteran programmer who o","website":"http://speakingjs.com/"},{"isbn":"9781491904244","title":"You Don't Know JS","subTitle":"ES6 & Beyond","author":"Kyle Simpson","publish_date":"2015-12-27T00:00:00.000Z","publisher":"O'Reilly Media","pages":278,"description":"No matter how much experience you have with JavaScript, odds are you don’t fully understand the language. As part of the \\\"You Don’t Know JS\\\" series, this compact guide focuses on new features available in ECMAScript 6 (ES6), the latest version of the st","website":"https://github.com/getify/You-Dont-Know-JS/tree/master/es6%20&%20beyond"},{"isbn":"9781491950296","title":"Programming JavaScript Applications","subTitle":"Robust Web Architecture with Node, HTML5, and Modern JS Libraries","author":"Eric Elliott","publish_date":"2014-07-01T00:00:00.000Z","publisher":"O'Reilly Media","pages":254,"description":"Take advantage of JavaScript's power to build robust web-scale or enterprise applications that are easy to extend and maintain. By applying the design patterns outlined in this practical book, experienced JavaScript developers will learn how to write flex","website":"http://chimera.labs.oreilly.com/books/1234000000262/index.html"},{"isbn":"9781593275846","title":"Eloquent JavaScript, Second Edition","subTitle":"A Modern Introduction to Programming","author":"Marijn Haverbeke","publish_date":"2014-12-14T00:00:00.000Z","publisher":"No Starch Press","pages":472,"description":"JavaScript lies at the heart of almost every modern web application, from social apps to the newest browser-based games. Though simple for beginners to pick up and play with, JavaScript is a flexible, complex language that you can use to build full-scale ","website":"http://eloquentjavascript.net/"},{"isbn":"9781593277574","title":"Understanding ECMAScript 6","subTitle":"The Definitive Guide for JavaScript Developers","author":"Nicholas C. Zakas","publish_date":"2016-09-03T00:00:00.000Z","publisher":"No Starch Press","pages":352,"description":"ECMAScript 6 represents the biggest update to the core of JavaScript in the history of the language. In Understanding ECMAScript 6, expert developer Nicholas C. Zakas provides a complete guide to the object types, syntax, and other exciting changes that E","website":"https://leanpub.com/understandinges6/read"}]}

17:21:55.525 [pool-2-thread-5] INFO  com.intuit.karate - [print] Token: eyJhbGciOiJIUzI1NiIsInR5cCI6IkpXVCJ9.eyJ1c2VyTmFtZSI6InVzZXJfZWNhNTBmNTkiLCJwYXNzd29yZCI6IlRlc3RAMTIzNDUiLCJpYXQiOjE3NjgyNDkzMTV9.0705QeIWJAP5OiaxVKxTqqTy6Oc9291gorWisz1l82c 
17:21:55.526 [pool-2-thread-5] INFO  com.intuit.karate - [print] UserID: 5d594d0d-d065-4802-9635-33ff818f5ab3 
17:21:55.532 [pool-2-thread-1] DEBUG com.intuit.karate - response time in milliseconds: 586
1 < 200
1 < Server: nginx/1.17.10 (Ubuntu)
1 < Date: Mon, 12 Jan 2026 20:21:57 GMT
1 < Content-Type: application/json; charset=utf-8
1 < Content-Length: 4514
1 < Connection: keep-alive
1 < X-Powered-By: Express
1 < ETag: W/"11a2-8zfX++QwcgaCjSU6F8JP9fUd1tY"
{"books":[{"isbn":"9781449325862","title":"Git Pocket Guide","subTitle":"A Working Introduction","author":"Richard E. Silverman","publish_date":"2020-06-04T08:48:39.000Z","publisher":"O'Reilly Media","pages":234,"description":"This pocket guide is the perfect on-the-job companion to Git, the distributed version control system. It provides a compact, readable introduction to Git for new users, as well as a reference to common commands and procedures for those of you with Git exp","website":"http://chimera.labs.oreilly.com/books/1230000000561/index.html"},{"isbn":"9781449331818","title":"Learning JavaScript Design Patterns","subTitle":"A JavaScript and jQuery Developer's Guide","author":"Addy Osmani","publish_date":"2020-06-04T09:11:40.000Z","publisher":"O'Reilly Media","pages":254,"description":"With Learning JavaScript Design Patterns, you'll learn how to write beautiful, structured, and maintainable JavaScript by applying classical and modern design patterns to the language. If you want to keep your code efficient, more manageable, and up-to-da","website":"http://www.addyosmani.com/resources/essentialjsdesignpatterns/book/"},{"isbn":"9781449337711","title":"Designing Evolvable Web APIs with ASP.NET","subTitle":"Harnessing the Power of the Web","author":"Glenn Block et al.","publish_date":"2020-06-04T09:12:43.000Z","publisher":"O'Reilly Media","pages":238,"description":"Design and build Web APIs for a broad range of clients—including browsers and mobile devices—that can adapt to change over time. This practical, hands-on guide takes you through the theory and tools you need to build evolvable HTTP services with Microsoft","website":"http://chimera.labs.oreilly.com/books/1234000001708/index.html"},{"isbn":"9781449365035","title":"Speaking JavaScript","subTitle":"An In-Depth Guide for Programmers","author":"Axel Rauschmayer","publish_date":"2014-02-01T00:00:00.000Z","publisher":"O'Reilly Media","pages":460,"description":"Like it or not, JavaScript is everywhere these days-from browser to server to mobile-and now you, too, need to learn the language or dive deeper than you have. This concise book guides you into and through JavaScript, written by a veteran programmer who o","website":"http://speakingjs.com/"},{"isbn":"9781491904244","title":"You Don't Know JS","subTitle":"ES6 & Beyond","author":"Kyle Simpson","publish_date":"2015-12-27T00:00:00.000Z","publisher":"O'Reilly Media","pages":278,"description":"No matter how much experience you have with JavaScript, odds are you don’t fully understand the language. As part of the \\\"You Don’t Know JS\\\" series, this compact guide focuses on new features available in ECMAScript 6 (ES6), the latest version of the st","website":"https://github.com/getify/You-Dont-Know-JS/tree/master/es6%20&%20beyond"},{"isbn":"9781491950296","title":"Programming JavaScript Applications","subTitle":"Robust Web Architecture with Node, HTML5, and Modern JS Libraries","author":"Eric Elliott","publish_date":"2014-07-01T00:00:00.000Z","publisher":"O'Reilly Media","pages":254,"description":"Take advantage of JavaScript's power to build robust web-scale or enterprise applications that are easy to extend and maintain. By applying the design patterns outlined in this practical book, experienced JavaScript developers will learn how to write flex","website":"http://chimera.labs.oreilly.com/books/1234000000262/index.html"},{"isbn":"9781593275846","title":"Eloquent JavaScript, Second Edition","subTitle":"A Modern Introduction to Programming","author":"Marijn Haverbeke","publish_date":"2014-12-14T00:00:00.000Z","publisher":"No Starch Press","pages":472,"description":"JavaScript lies at the heart of almost every modern web application, from social apps to the newest browser-based games. Though simple for beginners to pick up and play with, JavaScript is a flexible, complex language that you can use to build full-scale ","website":"http://eloquentjavascript.net/"},{"isbn":"9781593277574","title":"Understanding ECMAScript 6","subTitle":"The Definitive Guide for JavaScript Developers","author":"Nicholas C. Zakas","publish_date":"2016-09-03T00:00:00.000Z","publisher":"No Starch Press","pages":352,"description":"ECMAScript 6 represents the biggest update to the core of JavaScript in the history of the language. In Understanding ECMAScript 6, expert developer Nicholas C. Zakas provides a complete guide to the object types, syntax, and other exciting changes that E","website":"https://leanpub.com/understandinges6/read"}]}

17:21:55.546 [pool-2-thread-4] DEBUG com.intuit.karate - response time in milliseconds: 600
1 < 200
1 < Server: nginx/1.17.10 (Ubuntu)
1 < Date: Mon, 12 Jan 2026 20:21:57 GMT
1 < Content-Type: application/json; charset=utf-8
1 < Content-Length: 4514
1 < Connection: keep-alive
1 < X-Powered-By: Express
1 < ETag: W/"11a2-8zfX++QwcgaCjSU6F8JP9fUd1tY"
{"books":[{"isbn":"9781449325862","title":"Git Pocket Guide","subTitle":"A Working Introduction","author":"Richard E. Silverman","publish_date":"2020-06-04T08:48:39.000Z","publisher":"O'Reilly Media","pages":234,"description":"This pocket guide is the perfect on-the-job companion to Git, the distributed version control system. It provides a compact, readable introduction to Git for new users, as well as a reference to common commands and procedures for those of you with Git exp","website":"http://chimera.labs.oreilly.com/books/1230000000561/index.html"},{"isbn":"9781449331818","title":"Learning JavaScript Design Patterns","subTitle":"A JavaScript and jQuery Developer's Guide","author":"Addy Osmani","publish_date":"2020-06-04T09:11:40.000Z","publisher":"O'Reilly Media","pages":254,"description":"With Learning JavaScript Design Patterns, you'll learn how to write beautiful, structured, and maintainable JavaScript by applying classical and modern design patterns to the language. If you want to keep your code efficient, more manageable, and up-to-da","website":"http://www.addyosmani.com/resources/essentialjsdesignpatterns/book/"},{"isbn":"9781449337711","title":"Designing Evolvable Web APIs with ASP.NET","subTitle":"Harnessing the Power of the Web","author":"Glenn Block et al.","publish_date":"2020-06-04T09:12:43.000Z","publisher":"O'Reilly Media","pages":238,"description":"Design and build Web APIs for a broad range of clients—including browsers and mobile devices—that can adapt to change over time. This practical, hands-on guide takes you through the theory and tools you need to build evolvable HTTP services with Microsoft","website":"http://chimera.labs.oreilly.com/books/1234000001708/index.html"},{"isbn":"9781449365035","title":"Speaking JavaScript","subTitle":"An In-Depth Guide for Programmers","author":"Axel Rauschmayer","publish_date":"2014-02-01T00:00:00.000Z","publisher":"O'Reilly Media","pages":460,"description":"Like it or not, JavaScript is everywhere these days-from browser to server to mobile-and now you, too, need to learn the language or dive deeper than you have. This concise book guides you into and through JavaScript, written by a veteran programmer who o","website":"http://speakingjs.com/"},{"isbn":"9781491904244","title":"You Don't Know JS","subTitle":"ES6 & Beyond","author":"Kyle Simpson","publish_date":"2015-12-27T00:00:00.000Z","publisher":"O'Reilly Media","pages":278,"description":"No matter how much experience you have with JavaScript, odds are you don’t fully understand the language. As part of the \\\"You Don’t Know JS\\\" series, this compact guide focuses on new features available in ECMAScript 6 (ES6), the latest version of the st","website":"https://github.com/getify/You-Dont-Know-JS/tree/master/es6%20&%20beyond"},{"isbn":"9781491950296","title":"Programming JavaScript Applications","subTitle":"Robust Web Architecture with Node, HTML5, and Modern JS Libraries","author":"Eric Elliott","publish_date":"2014-07-01T00:00:00.000Z","publisher":"O'Reilly Media","pages":254,"description":"Take advantage of JavaScript's power to build robust web-scale or enterprise applications that are easy to extend and maintain. By applying the design patterns outlined in this practical book, experienced JavaScript developers will learn how to write flex","website":"http://chimera.labs.oreilly.com/books/1234000000262/index.html"},{"isbn":"9781593275846","title":"Eloquent JavaScript, Second Edition","subTitle":"A Modern Introduction to Programming","author":"Marijn Haverbeke","publish_date":"2014-12-14T00:00:00.000Z","publisher":"No Starch Press","pages":472,"description":"JavaScript lies at the heart of almost every modern web application, from social apps to the newest browser-based games. Though simple for beginners to pick up and play with, JavaScript is a flexible, complex language that you can use to build full-scale ","website":"http://eloquentjavascript.net/"},{"isbn":"9781593277574","title":"Understanding ECMAScript 6","subTitle":"The Definitive Guide for JavaScript Developers","author":"Nicholas C. Zakas","publish_date":"2016-09-03T00:00:00.000Z","publisher":"No Starch Press","pages":352,"description":"ECMAScript 6 represents the biggest update to the core of JavaScript in the history of the language. In Understanding ECMAScript 6, expert developer Nicholas C. Zakas provides a complete guide to the object types, syntax, and other exciting changes that E","website":"https://leanpub.com/understandinges6/read"}]}

17:21:55.549 [pool-2-thread-2] DEBUG com.intuit.karate - response time in milliseconds: 586
1 < 200
1 < Server: nginx/1.17.10 (Ubuntu)
1 < Date: Mon, 12 Jan 2026 20:21:57 GMT
1 < Content-Type: application/json; charset=utf-8
1 < Content-Length: 4514
1 < Connection: keep-alive
1 < X-Powered-By: Express
1 < ETag: W/"11a2-8zfX++QwcgaCjSU6F8JP9fUd1tY"
{"books":[{"isbn":"9781449325862","title":"Git Pocket Guide","subTitle":"A Working Introduction","author":"Richard E. Silverman","publish_date":"2020-06-04T08:48:39.000Z","publisher":"O'Reilly Media","pages":234,"description":"This pocket guide is the perfect on-the-job companion to Git, the distributed version control system. It provides a compact, readable introduction to Git for new users, as well as a reference to common commands and procedures for those of you with Git exp","website":"http://chimera.labs.oreilly.com/books/1230000000561/index.html"},{"isbn":"9781449331818","title":"Learning JavaScript Design Patterns","subTitle":"A JavaScript and jQuery Developer's Guide","author":"Addy Osmani","publish_date":"2020-06-04T09:11:40.000Z","publisher":"O'Reilly Media","pages":254,"description":"With Learning JavaScript Design Patterns, you'll learn how to write beautiful, structured, and maintainable JavaScript by applying classical and modern design patterns to the language. If you want to keep your code efficient, more manageable, and up-to-da","website":"http://www.addyosmani.com/resources/essentialjsdesignpatterns/book/"},{"isbn":"9781449337711","title":"Designing Evolvable Web APIs with ASP.NET","subTitle":"Harnessing the Power of the Web","author":"Glenn Block et al.","publish_date":"2020-06-04T09:12:43.000Z","publisher":"O'Reilly Media","pages":238,"description":"Design and build Web APIs for a broad range of clients—including browsers and mobile devices—that can adapt to change over time. This practical, hands-on guide takes you through the theory and tools you need to build evolvable HTTP services with Microsoft","website":"http://chimera.labs.oreilly.com/books/1234000001708/index.html"},{"isbn":"9781449365035","title":"Speaking JavaScript","subTitle":"An In-Depth Guide for Programmers","author":"Axel Rauschmayer","publish_date":"2014-02-01T00:00:00.000Z","publisher":"O'Reilly Media","pages":460,"description":"Like it or not, JavaScript is everywhere these days-from browser to server to mobile-and now you, too, need to learn the language or dive deeper than you have. This concise book guides you into and through JavaScript, written by a veteran programmer who o","website":"http://speakingjs.com/"},{"isbn":"9781491904244","title":"You Don't Know JS","subTitle":"ES6 & Beyond","author":"Kyle Simpson","publish_date":"2015-12-27T00:00:00.000Z","publisher":"O'Reilly Media","pages":278,"description":"No matter how much experience you have with JavaScript, odds are you don’t fully understand the language. As part of the \\\"You Don’t Know JS\\\" series, this compact guide focuses on new features available in ECMAScript 6 (ES6), the latest version of the st","website":"https://github.com/getify/You-Dont-Know-JS/tree/master/es6%20&%20beyond"},{"isbn":"9781491950296","title":"Programming JavaScript Applications","subTitle":"Robust Web Architecture with Node, HTML5, and Modern JS Libraries","author":"Eric Elliott","publish_date":"2014-07-01T00:00:00.000Z","publisher":"O'Reilly Media","pages":254,"description":"Take advantage of JavaScript's power to build robust web-scale or enterprise applications that are easy to extend and maintain. By applying the design patterns outlined in this practical book, experienced JavaScript developers will learn how to write flex","website":"http://chimera.labs.oreilly.com/books/1234000000262/index.html"},{"isbn":"9781593275846","title":"Eloquent JavaScript, Second Edition","subTitle":"A Modern Introduction to Programming","author":"Marijn Haverbeke","publish_date":"2014-12-14T00:00:00.000Z","publisher":"No Starch Press","pages":472,"description":"JavaScript lies at the heart of almost every modern web application, from social apps to the newest browser-based games. Though simple for beginners to pick up and play with, JavaScript is a flexible, complex language that you can use to build full-scale ","website":"http://eloquentjavascript.net/"},{"isbn":"9781593277574","title":"Understanding ECMAScript 6","subTitle":"The Definitive Guide for JavaScript Developers","author":"Nicholas C. Zakas","publish_date":"2016-09-03T00:00:00.000Z","publisher":"No Starch Press","pages":352,"description":"ECMAScript 6 represents the biggest update to the core of JavaScript in the history of the language. In Understanding ECMAScript 6, expert developer Nicholas C. Zakas provides a complete guide to the object types, syntax, and other exciting changes that E","website":"https://leanpub.com/understandinges6/read"}]}

17:21:55.558 [pool-2-thread-1] DEBUG com.intuit.karate - request:
2 > POST https://bookstore.toolsqa.com/BookStore/v1/Books
2 > Authorization: Bearer eyJhbGciOiJIUzI1NiIsInR5cCI6IkpXVCJ9.eyJ1c2VyTmFtZSI6InVzZXJfZWNhNTBmNTkiLCJwYXNzd29yZCI6IlRlc3RAMTIzNDUiLCJpYXQiOjE3NjgyNDkzMTV9.0705QeIWJAP5OiaxVKxTqqTy6Oc9291gorWisz1l82c
2 > cache-control: no-cache
2 > Content-Type: application/json; charset=UTF-8
2 > Content-Length: 96
2 > Host: bookstore.toolsqa.com
2 > Connection: Keep-Alive
2 > User-Agent: Apache-HttpClient/4.5.14 (Java/21.0.9)
2 > Accept-Encoding: gzip,deflate
{"userId":"5d594d0d-d065-4802-9635-33ff818f5ab3","collectionOfIsbns":[{"isbn":"9781449325862"}]}

17:21:55.560 [pool-2-thread-2] DEBUG com.intuit.karate - request:
2 > GET https://bookstore.toolsqa.com/BookStore/v1/Book?ISBN=9781449325862
2 > Authorization: Bearer eyJhbGciOiJIUzI1NiIsInR5cCI6IkpXVCJ9.eyJ1c2VyTmFtZSI6InVzZXJfZWNhNTBmNTkiLCJwYXNzd29yZCI6IlRlc3RAMTIzNDUiLCJpYXQiOjE3NjgyNDkzMTV9.0705QeIWJAP5OiaxVKxTqqTy6Oc9291gorWisz1l82c
2 > cache-control: no-cache
2 > Content-Type: application/json
2 > Host: bookstore.toolsqa.com
2 > Connection: Keep-Alive
2 > User-Agent: Apache-HttpClient/4.5.14 (Java/21.0.9)
2 > Accept-Encoding: gzip,deflate


17:21:55.563 [pool-2-thread-4] INFO  com.intuit.karate - karate.env system property was: null 
17:21:55.566 [pool-2-thread-4] INFO  com.intuit.karate - karate.env system property was: qa 
17:21:55.567 [pool-2-thread-5] DEBUG com.intuit.karate - request:
1 > POST https://bookstore.toolsqa.com/BookStore/v1/Books
1 > Authorization: Bearer eyJhbGciOiJIUzI1NiIsInR5cCI6IkpXVCJ9.eyJ1c2VyTmFtZSI6InVzZXJfZWNhNTBmNTkiLCJwYXNzd29yZCI6IlRlc3RAMTIzNDUiLCJpYXQiOjE3NjgyNDkzMTV9.0705QeIWJAP5OiaxVKxTqqTy6Oc9291gorWisz1l82c
1 > cache-control: no-cache
1 > Content-Type: application/json; charset=UTF-8
1 > Content-Length: 56
1 > Host: bookstore.toolsqa.com
1 > Connection: Keep-Alive
1 > User-Agent: Apache-HttpClient/4.5.14 (Java/21.0.9)
1 > Accept-Encoding: gzip,deflate
{"userId":"abc","collectionOfIsbns":[{"isbn":"9xc862"}]}

17:21:55.569 [pool-2-thread-4] DEBUG c.intuit.karate.core.ScenarioEngine - over-writing existing variable 'baseUrl' with new value: 'https://bookstore.toolsqa.com'
17:21:55.584 [pool-2-thread-4] DEBUG com.intuit.karate - request:
1 > POST https://bookstore.toolsqa.com/Account/v1/User
1 > cache-control: no-cache
1 > Content-Type: application/json; charset=UTF-8
1 > Content-Length: 52
1 > Host: bookstore.toolsqa.com
1 > Connection: Keep-Alive
1 > User-Agent: Apache-HttpClient/4.5.14 (Java/21.0.9)
1 > Accept-Encoding: gzip,deflate
{"userName":"user_0ac9c82e","password":"Test@12345"}

17:21:55.585 [pool-2-thread-3] DEBUG com.intuit.karate - request:
2 > PUT https://bookstore.toolsqa.com/BookStore/v1/Books/9781449325862
2 > Authorization: Bearer eyJhbGciOiJIUzI1NiIsInR5cCI6IkpXVCJ9.eyJ1c2VyTmFtZSI6InVzZXJfZWNhNTBmNTkiLCJwYXNzd29yZCI6IlRlc3RAMTIzNDUiLCJpYXQiOjE3NjgyNDkzMTV9.0705QeIWJAP5OiaxVKxTqqTy6Oc9291gorWisz1l82c
2 > cache-control: no-cache
2 > Content-Type: application/json; charset=UTF-8
2 > Content-Length: 72
2 > Host: bookstore.toolsqa.com
2 > Connection: Keep-Alive
2 > User-Agent: Apache-HttpClient/4.5.14 (Java/21.0.9)
2 > Accept-Encoding: gzip,deflate
{"userId":"5d594d0d-d065-4802-9635-33ff818f5ab3","isbn":"9781449331818"}

17:21:56.085 [pool-2-thread-5] DEBUG com.intuit.karate - response time in milliseconds: 517
1 < 401
1 < Server: nginx/1.17.10 (Ubuntu)
1 < Date: Mon, 12 Jan 2026 20:21:57 GMT
1 < Content-Type: application/json; charset=utf-8
1 < Content-Length: 48
1 < Connection: keep-alive
1 < X-Powered-By: Express
1 < ETag: W/"30-zoAnprTpYK9HmHYlpHOx6U+Br2A"
{"code":"1207","message":"User Id not correct!"}

17:21:56.101 [pool-2-thread-5] INFO  com.intuit.karate - karate.env system property was: null 
17:21:56.101 [pool-2-thread-2] DEBUG com.intuit.karate - response time in milliseconds: 539
2 < 200
2 < Server: nginx/1.17.10 (Ubuntu)
2 < Date: Mon, 12 Jan 2026 20:21:57 GMT
2 < Content-Type: application/json; charset=utf-8
2 < Content-Length: 549
2 < Connection: keep-alive
2 < X-Powered-By: Express
2 < ETag: W/"225-6wegpsdSbs3Zjpo/5fzJQey1dRQ"
{"isbn":"9781449325862","title":"Git Pocket Guide","subTitle":"A Working Introduction","author":"Richard E. Silverman","publish_date":"2020-06-04T08:48:39.000Z","publisher":"O'Reilly Media","pages":234,"description":"This pocket guide is the perfect on-the-job companion to Git, the distributed version control system. It provides a compact, readable introduction to Git for new users, as well as a reference to common commands and procedures for those of you with Git exp","website":"http://chimera.labs.oreilly.com/books/1230000000561/index.html"}

17:21:56.104 [pool-2-thread-5] INFO  com.intuit.karate - karate.env system property was: qa 
17:21:56.107 [pool-2-thread-5] DEBUG c.intuit.karate.core.ScenarioEngine - over-writing existing variable 'baseUrl' with new value: 'https://bookstore.toolsqa.com'
17:21:56.109 [pool-2-thread-2] INFO  com.intuit.karate - karate.env system property was: null 
17:21:56.112 [pool-2-thread-5] INFO  com.intuit.karate - >> lock acquired, begin callonce: read('classpath:features/users/generate-token.feature')
17:21:56.112 [pool-2-thread-2] INFO  com.intuit.karate - karate.env system property was: qa 
17:21:56.115 [pool-2-thread-2] DEBUG c.intuit.karate.core.ScenarioEngine - over-writing existing variable 'baseUrl' with new value: 'https://bookstore.toolsqa.com'
17:21:56.133 [pool-2-thread-5] DEBUG com.intuit.karate - request:
1 > POST https://bookstore.toolsqa.com/Account/v1/User
1 > cache-control: no-cache
1 > Content-Type: application/json; charset=UTF-8
1 > Content-Length: 52
1 > Host: bookstore.toolsqa.com
1 > Connection: Keep-Alive
1 > User-Agent: Apache-HttpClient/4.5.14 (Java/21.0.9)
1 > Accept-Encoding: gzip,deflate
{"userName":"user_66d34532","password":"Test@12345"}

17:21:56.524 [pool-2-thread-1] DEBUG com.intuit.karate - response time in milliseconds: 965
2 < 201
2 < Server: nginx/1.17.10 (Ubuntu)
2 < Date: Mon, 12 Jan 2026 20:21:58 GMT
2 < Content-Type: application/json; charset=utf-8
2 < Content-Length: 36
2 < Connection: keep-alive
2 < X-Powered-By: Express
2 < ETag: W/"24-2U7DK3nFgERO/LjA8mW3SiqYyFc"
{"books":[{"isbn":"9781449325862"}]}

17:21:57.241 [pool-2-thread-3] DEBUG com.intuit.karate - response time in milliseconds: 1654
2 < 200
2 < Server: nginx/1.17.10 (Ubuntu)
2 < Date: Mon, 12 Jan 2026 20:21:58 GMT
2 < Content-Type: application/json; charset=utf-8
2 < Content-Length: 670
2 < Connection: keep-alive
2 < X-Powered-By: Express
2 < ETag: W/"29e-bkBrjSqxtOefxTdbcd0RKmjNZck"
{"userId":"5d594d0d-d065-4802-9635-33ff818f5ab3","username":"user_eca50f59","books":[{"isbn":"9781449331818","title":"Learning JavaScript Design Patterns","subTitle":"A JavaScript and jQuery Developer's Guide","author":"Addy Osmani","publish_date":"2020-06-04T09:11:40.000Z","publisher":"O'Reilly Media","pages":254,"description":"With Learning JavaScript Design Patterns, you'll learn how to write beautiful, structured, and maintainable JavaScript by applying classical and modern design patterns to the language. If you want to keep your code efficient, more manageable, and up-to-da","website":"http://www.addyosmani.com/resources/essentialjsdesignpatterns/book/"}]}

17:21:57.650 [pool-2-thread-4] DEBUG com.intuit.karate - response time in milliseconds: 2064
1 < 201
1 < Server: nginx/1.17.10 (Ubuntu)
1 < Date: Mon, 12 Jan 2026 20:21:59 GMT
1 < Content-Type: application/json; charset=utf-8
1 < Content-Length: 87
1 < Connection: keep-alive
1 < X-Powered-By: Express
1 < ETag: W/"57-3AglIYao/5DklnInlAnM9wRGAIM"
{"userID":"c6018e5e-cea2-4b54-969e-faaa76dff917","username":"user_0ac9c82e","books":[]}

17:21:57.662 [pool-2-thread-4] DEBUG com.intuit.karate - request:
2 > POST https://bookstore.toolsqa.com/Account/v1/GenerateToken
2 > cache-control: no-cache
2 > Content-Type: application/json; charset=UTF-8
2 > Content-Length: 52
2 > Host: bookstore.toolsqa.com
2 > Connection: Keep-Alive
2 > User-Agent: Apache-HttpClient/4.5.14 (Java/21.0.9)
2 > Accept-Encoding: gzip,deflate
{"userName":"user_0ac9c82e","password":"Test@12345"}

17:21:57.666 [pool-2-thread-5] DEBUG com.intuit.karate - response time in milliseconds: 1532
1 < 201
1 < Server: nginx/1.17.10 (Ubuntu)
1 < Date: Mon, 12 Jan 2026 20:21:59 GMT
1 < Content-Type: application/json; charset=utf-8
1 < Content-Length: 87
1 < Connection: keep-alive
1 < X-Powered-By: Express
1 < ETag: W/"57-NzkAADZ/xD9sNnZoHPzD4oZvwNs"
{"userID":"1aa9525a-c472-4591-a545-67a133d50291","username":"user_66d34532","books":[]}

17:21:57.673 [pool-2-thread-5] DEBUG com.intuit.karate - request:
2 > POST https://bookstore.toolsqa.com/Account/v1/GenerateToken
2 > cache-control: no-cache
2 > Content-Type: application/json; charset=UTF-8
2 > Content-Length: 52
2 > Host: bookstore.toolsqa.com
2 > Connection: Keep-Alive
2 > User-Agent: Apache-HttpClient/4.5.14 (Java/21.0.9)
2 > Accept-Encoding: gzip,deflate
{"userName":"user_66d34532","password":"Test@12345"}

17:21:58.921 [pool-2-thread-4] DEBUG com.intuit.karate - response time in milliseconds: 1248
2 < 200
2 < Server: nginx/1.17.10 (Ubuntu)
2 < Date: Mon, 12 Jan 2026 20:22:00 GMT
2 < Content-Type: application/json; charset=utf-8
2 < Content-Length: 282
2 < Connection: keep-alive
2 < X-Powered-By: Express
2 < ETag: W/"11a-xubpeWa3BMiuJTSeTsnfMKOrvV0"
{"token":"eyJhbGciOiJIUzI1NiIsInR5cCI6IkpXVCJ9.eyJ1c2VyTmFtZSI6InVzZXJfMGFjOWM4MmUiLCJwYXNzd29yZCI6IlRlc3RAMTIzNDUiLCJpYXQiOjE3NjgyNDkzMTl9.I_iWdsOfGVRYzsEHhF2pybrug1XhZfFsPIaXMxicPao","expires":"2026-01-19T20:21:59.821Z","status":"Success","result":"User authorized successfully."}

17:21:59.745 [pool-2-thread-5] DEBUG com.intuit.karate - response time in milliseconds: 2070
2 < 200
2 < Server: nginx/1.17.10 (Ubuntu)
2 < Date: Mon, 12 Jan 2026 20:22:01 GMT
2 < Content-Type: application/json; charset=utf-8
2 < Content-Length: 282
2 < Connection: keep-alive
2 < X-Powered-By: Express
2 < ETag: W/"11a-cLnI8PsN8nvh7nRdd2QqhMOv3Y8"
{"token":"eyJhbGciOiJIUzI1NiIsInR5cCI6IkpXVCJ9.eyJ1c2VyTmFtZSI6InVzZXJfNjZkMzQ1MzIiLCJwYXNzd29yZCI6IlRlc3RAMTIzNDUiLCJpYXQiOjE3NjgyNDkzMTl9.cC_GF_XzNfvFWYqSEBclRFrGIvnxxRcgFC9ZbKy5fnU","expires":"2026-01-19T20:21:59.831Z","status":"Success","result":"User authorized successfully."}

17:21:59.751 [pool-2-thread-5] INFO  com.intuit.karate - << lock released, cached callonce: read('classpath:features/users/generate-token.feature')
17:21:59.753 [pool-2-thread-2] WARN  com.intuit.karate - this thread waited 3632 milliseconds for callonce lock: read('classpath:features/users/generate-token.feature')
17:21:59.761 [pool-2-thread-2] DEBUG com.intuit.karate - request:
1 > DELETE https://bookstore.toolsqa.com/Account/v1/User?UUID=1aa9525a-c472-4591-a545-67a133d50291
1 > cache-control: no-cache
1 > Content-Type: application/json
1 > Host: bookstore.toolsqa.com
1 > Connection: Keep-Alive
1 > User-Agent: Apache-HttpClient/4.5.14 (Java/21.0.9)
1 > Accept-Encoding: gzip,deflate


17:21:59.761 [pool-2-thread-5] DEBUG com.intuit.karate - request:
1 > POST https://bookstore.toolsqa.com/Account/v1/User
1 > cache-control: no-cache
1 > Content-Type: application/json; charset=UTF-8
1 > Content-Length: 39
1 > Host: bookstore.toolsqa.com
1 > Connection: Keep-Alive
1 > User-Agent: Apache-HttpClient/4.5.14 (Java/21.0.9)
1 > Accept-Encoding: gzip,deflate
{"userName":"Test","password":"123456"}

17:22:00.302 [pool-2-thread-5] DEBUG com.intuit.karate - response time in milliseconds: 538
1 < 400
1 < Server: nginx/1.17.10 (Ubuntu)
1 < Date: Mon, 12 Jan 2026 20:22:01 GMT
1 < Content-Type: application/json; charset=utf-8
1 < Content-Length: 230
1 < Connection: keep-alive
1 < X-Powered-By: Express
1 < ETag: W/"e6-Suxub+fxI99/3YEWz5cjyd3KlvQ"
{"code":"1300","message":"Passwords must have at least one non alphanumeric character, one digit ('0'-'9'), one uppercase ('A'-'Z'), one lowercase ('a'-'z'), one special character and Password must be eight characters or longer."}

17:22:00.320 [pool-2-thread-2] DEBUG com.intuit.karate - request:
2 > DELETE https://bookstore.toolsqa.com/Account/v1/User?UUID=1aa9525a-c472-4591-a545-67a133d50291
2 > cache-control: no-cache
2 > Content-Type: application/json
2 > Host: bookstore.toolsqa.com
2 > Connection: Keep-Alive
2 > User-Agent: Apache-HttpClient/4.5.14 (Java/21.0.9)
2 > Accept-Encoding: gzip,deflate


17:22:00.490 [pool-2-thread-2] DEBUG com.intuit.karate - request:
3 > DELETE https://bookstore.toolsqa.com/Account/v1/User?UUID=1aa9525a-c472-4591-a545-67a133d50291
3 > cache-control: no-cache
3 > Content-Type: application/json
3 > Host: bookstore.toolsqa.com
3 > Connection: Keep-Alive
3 > User-Agent: Apache-HttpClient/4.5.14 (Java/21.0.9)
3 > Accept-Encoding: gzip,deflate


17:22:00.853 [pool-2-thread-2] DEBUG com.intuit.karate - response time in milliseconds: 180
3 < 200
3 < Server: nginx/1.17.10 (Ubuntu)
3 < Date: Mon, 12 Jan 2026 20:22:02 GMT
3 < Content-Type: text/html; charset=utf-8
3 < Transfer-Encoding: chunked
3 < Connection: keep-alive
3 < X-Powered-By: Express
3 < ETag: W/"c1f-F2xZTJLKhCo1XhlvmwRwwX3nXPs"

<!-- HTML for static distribution bundle build -->
<!DOCTYPE html>
<html lang="en">
<head>
  <meta charset="UTF-8">
  <title>Swagger UI</title>
  <link rel="stylesheet" type="text/css" href="./swagger-ui.css" >
  <link rel="icon" type="image/png" href="./favicon-32x32.png" sizes="32x32" /><link rel="icon" type="image/png" href="./favicon-16x16.png" sizes="16x16" />
  <style>
    html
    {
      box-sizing: border-box;
      overflow: -moz-scrollbars-vertical;
      overflow-y: scroll;
    }
    *,
    *:before,
    *:after
    {
      box-sizing: inherit;
    }

    body {
      margin:0;
      background: #fafafa;
    }
  </style>
</head>

<body>

<svg xmlns="http://www.w3.org/2000/svg" xmlns:xlink="http://www.w3.org/1999/xlink" style="position:absolute;width:0;height:0">
  <defs>
    <symbol viewBox="0 0 20 20" id="unlocked">
      <path d="M15.8 8H14V5.6C14 2.703 12.665 1 10 1 7.334 1 6 2.703 6 5.6V6h2v-.801C8 3.754 8.797 3 10 3c1.203 0 2 .754 2 2.199V8H4c-.553 0-1 .646-1 1.199V17c0 .549.428 1.139.951 1.307l1.197.387C5.672 18.861 6.55 19 7.1 19h5.8c.549 0 1.428-.139 1.951-.307l1.196-.387c.524-.167.953-.757.953-1.306V9.199C17 8.646 16.352 8 15.8 8z"></path>
    </symbol>

    <symbol viewBox="0 0 20 20" id="locked">
      <path d="M15.8 8H14V5.6C14 2.703 12.665 1 10 1 7.334 1 6 2.703 6 5.6V8H4c-.553 0-1 .646-1 1.199V17c0 .549.428 1.139.951 1.307l1.197.387C5.672 18.861 6.55 19 7.1 19h5.8c.549 0 1.428-.139 1.951-.307l1.196-.387c.524-.167.953-.757.953-1.306V9.199C17 8.646 16.352 8 15.8 8zM12 8H8V5.199C8 3.754 8.797 3 10 3c1.203 0 2 .754 2 2.199V8z"/>
    </symbol>

    <symbol viewBox="0 0 20 20" id="close">
      <path d="M14.348 14.849c-.469.469-1.229.469-1.697 0L10 11.819l-2.651 3.029c-.469.469-1.229.469-1.697 0-.469-.469-.469-1.229 0-1.697l2.758-3.15-2.759-3.152c-.469-.469-.469-1.228 0-1.697.469-.469 1.228-.469 1.697 0L10 8.183l2.651-3.031c.469-.469 1.228-.469 1.697 0 .469.469.469 1.229 0 1.697l-2.758 3.152 2.758 3.15c.469.469.469 1.229 0 1.698z"/>
    </symbol>

    <symbol viewBox="0 0 20 20" id="large-arrow">
      <path d="M13.25 10L6.109 2.58c-.268-.27-.268-.707 0-.979.268-.27.701-.27.969 0l7.83 7.908c.268.271.268.709 0 .979l-7.83 7.908c-.268.271-.701.27-.969 0-.268-.269-.268-.707 0-.979L13.25 10z"/>
    </symbol>

    <symbol viewBox="0 0 20 20" id="large-arrow-down">
      <path d="M17.418 6.109c.272-.268.709-.268.979 0s.271.701 0 .969l-7.908 7.83c-.27.268-.707.268-.979 0l-7.908-7.83c-.27-.268-.27-.701 0-.969.271-.268.709-.268.979 0L10 13.25l7.418-7.141z"/>
    </symbol>


    <symbol viewBox="0 0 24 24" id="jump-to">
      <path d="M19 7v4H5.83l3.58-3.59L8 6l-6 6 6 6 1.41-1.41L5.83 13H21V7z"/>
    </symbol>

    <symbol viewBox="0 0 24 24" id="expand">
      <path d="M10 18h4v-2h-4v2zM3 6v2h18V6H3zm3 7h12v-2H6v2z"/>
    </symbol>

  </defs>
</svg>

<div id="swagger-ui"></div>

<script src="./swagger-ui-bundle.js"> </script>
<script src="./swagger-ui-standalone-preset.js"> </script>
<script src="./swagger-ui-init.js"> </script>



<style>
  .swagger-ui .topbar .download-url-wrapper { display: none } undefined
</style>
</body>

</html>


---------------------------------------------------------
feature: classpath:features/books/books.feature
scenarios:  6 | passed:  6 | failed:  0 | time: 35,4397
---------------------------------------------------------

17:22:03.661 [pool-3-thread-1] INFO  com.intuit.karate.Suite - <<pass>> feature 1 of 3 (2 remaining) classpath:features/books/books.feature
---------------------------------------------------------
feature: classpath:features/users/generate-token.feature
scenarios:  1 | passed:  1 | failed:  0 | time: 3,3541
---------------------------------------------------------

17:22:04.113 [pool-3-thread-1] INFO  com.intuit.karate.Suite - <<pass>> feature 2 of 3 (1 remaining) classpath:features/users/generate-token.feature
---------------------------------------------------------
feature: classpath:features/users/users.feature
scenarios:  2 | passed:  2 | failed:  0 | time: 8,9788
---------------------------------------------------------

17:22:05.106 [pool-3-thread-1] INFO  com.intuit.karate.Suite - <<pass>> feature 3 of 3 (0 remaining) classpath:features/users/users.feature
Karate version: 1.5.0
======================================================
elapsed:  27,30 | threads:    5 | thread time: 47,77 
features:     3 | skipped:    0 | efficiency: 0,35
scenarios:    9 | passed:     9 | failed: 0
======================================================

HTML report: (paste into browser to view) | Karate version: 1.5.0
file:///C:/Users/melin/projects/karate-desafio/target/karate-reports/karate-summary.html
===================================================================

]]></system-out>
  </testcase>
</testsuite>