<?xml version="1.0" encoding="UTF-8"?>
<testsuite xmlns:xsi="http://www.w3.org/2001/XMLSchema-instance" xsi:noNamespaceSchemaLocation="https://maven.apache.org/surefire/maven-surefire-plugin/xsd/surefire-test-report-3.0.xsd" version="3.0" name="examples.ExamplesTest" time="32.089" tests="1" errors="0" skipped="0" failures="1">
  <properties>
[...]
</properties>
  <testcase name="testParallel" classname="examples.ExamplesTest" time="31.938">
    <failure message="http call failed after 21667 milliseconds for url: https://bookstore.demoqa.com/Account/v1/User&#10;org.apache.http.conn.HttpHostConnectException: Connect to bookstore.demoqa.com:443 [bookstore.demoqa.com/176.58.101.124] failed: Connection timed out: getsockopt&#10;classpath:examples/users/users.feature:8 ==&gt; expected: &lt;0&gt; but was: &lt;1&gt;" type="org.opentest4j.AssertionFailedError"><![CDATA[org.opentest4j.AssertionFailedError: 
http call failed after 21667 milliseconds for url: https://bookstore.demoqa.com/Account/v1/User
org.apache.http.conn.HttpHostConnectException: Connect to bookstore.demoqa.com:443 [bookstore.demoqa.com/176.58.101.124] failed: Connection timed out: getsockopt
classpath:examples/users/users.feature:8 ==> expected: <0> but was: <1>
	at org.junit.jupiter.api.AssertionFailureBuilder.build(AssertionFailureBuilder.java:151)
	at org.junit.jupiter.api.AssertionFailureBuilder.buildAndThrow(AssertionFailureBuilder.java:132)
	at org.junit.jupiter.api.AssertEquals.failNotEqual(AssertEquals.java:197)
	at org.junit.jupiter.api.AssertEquals.assertEquals(AssertEquals.java:150)
	at org.junit.jupiter.api.Assertions.assertEquals(Assertions.java:563)
	at examples.ExamplesTest.testParallel(ExamplesTest.java:15)
	at java.base/java.lang.reflect.Method.invoke(Method.java:580)
	at java.base/java.util.ArrayList.forEach(ArrayList.java:1596)
	at java.base/java.util.ArrayList.forEach(ArrayList.java:1596)
]]></failure>
    <system-out><![CDATA[14:37:16.093 [main] DEBUG com.intuit.karate.Suite - [config] classpath:karate-config.js
14:37:16.134 [main] INFO  com.intuit.karate.Suite - backed up existing 'target\karate-reports' dir to: target\karate-reports_1768153036108
14:37:20.589 [pool-2-thread-1] INFO  com.intuit.karate - karate.env system property was: null 
14:37:20.595 [pool-2-thread-1] INFO  com.intuit.karate - karate.env system property was: qa 
14:37:21.285 [pool-2-thread-1] DEBUG com.intuit.karate - request:
1 > POST https://bookstore.demoqa.com/Account/v1/User
1 > cache-control: no-cache
1 > Content-Type: application/json
1 > bearer-token: 
1 > Host: bookstore.demoqa.com
1 > Connection: Keep-Alive
1 > User-Agent: Apache-HttpClient/4.5.14 (Java/21.0.9)
1 > Accept-Encoding: gzip,deflate


14:37:42.415 [pool-2-thread-1] ERROR com.intuit.karate - org.apache.http.conn.HttpHostConnectException: Connect to bookstore.demoqa.com:443 [bookstore.demoqa.com/176.58.101.124] failed: Connection timed out: getsockopt, http call failed after 21667 milliseconds for url: https://bookstore.demoqa.com/Account/v1/User
14:37:42.431 [pool-2-thread-1] ERROR com.intuit.karate - classpath:examples/users/users.feature:8
When method post
http call failed after 21667 milliseconds for url: https://bookstore.demoqa.com/Account/v1/User
org.apache.http.conn.HttpHostConnectException: Connect to bookstore.demoqa.com:443 [bookstore.demoqa.com/176.58.101.124] failed: Connection timed out: getsockopt
classpath:examples/users/users.feature:8
---------------------------------------------------------
feature: classpath:examples/users/users.feature
scenarios:  1 | passed:  0 | failed:  1 | time: 21,7031
---------------------------------------------------------

14:37:43.732 [pool-3-thread-1] INFO  com.intuit.karate.Suite - <<fail>> feature 1 of 1 (0 remaining) classpath:examples/users/users.feature
Karate version: 1.5.0
======================================================
elapsed:  30,11 | threads:    5 | thread time: 21,70 
features:     1 | skipped:    0 | efficiency: 0,14
scenarios:    1 | passed:     0 | failed: 1
======================================================
>>> failed features:
http call failed after 21667 milliseconds for url: https://bookstore.demoqa.com/Account/v1/User
org.apache.http.conn.HttpHostConnectException: Connect to bookstore.demoqa.com:443 [bookstore.demoqa.com/176.58.101.124] failed: Connection timed out: getsockopt
classpath:examples/users/users.feature:8
<<<

HTML report: (paste into browser to view) | Karate version: 1.5.0
file:///C:/Users/melin/projects/karate-desafio/target/karate-reports/karate-summary.html
===================================================================

]]></system-out>
  </testcase>
</testsuite>