<?xml version="1.0" encoding="UTF-8"?>
<testsuite xmlns:xsi="http://www.w3.org/2001/XMLSchema-instance" xsi:noNamespaceSchemaLocation="https://maven.apache.org/surefire/maven-surefire-plugin/xsd/surefire-test-report-3.0.xsd" version="3.0" name="features.ExamplesTest" time="89.911" tests="1" errors="0" skipped="0" failures="1">
  <properties>
[...]
</properties>
  <testcase name="testParallel" classname="features.ExamplesTest" time="89.829">
    <failure message="status code was: 504, expected: 201, response time in milliseconds: 60509, url: https://bookstore.toolsqa.com/BookStore/v1/Books, response: &#10;&lt;html&gt;&#10;&lt;head&gt;&lt;title&gt;504 Gateway Time-out&lt;/title&gt;&lt;/head&gt;&#10;&lt;body&gt;&#10;&lt;center&gt;&lt;h1&gt;504 Gateway Time-out&lt;/h1&gt;&lt;/center&gt;&#10;&lt;hr&gt;&lt;center&gt;nginx/1.17.10 (Ubuntu)&lt;/center&gt;&#10;&lt;/body&gt;&#10;&lt;/html&gt;&#10;&#10;classpath:features/books/books.feature:38&#10;js failed:&#10;&gt;&gt;&gt;&gt;&#10;01: isbnCreated&#10;&lt;&lt;&lt;&lt;&#10;org.graalvm.polyglot.PolyglotException: ReferenceError: &quot;isbnCreated&quot; is not defined&#10;- &lt;js&gt;.:program(Unnamed:1)&#10;&#10;classpath:features/books/books.feature:46&#10;js failed:&#10;&gt;&gt;&gt;&gt;&#10;01: isbnCreated&#10;&lt;&lt;&lt;&lt;&#10;org.graalvm.polyglot.PolyglotException: ReferenceError: &quot;isbnCreated&quot; is not defined&#10;- &lt;js&gt;.:program(Unnamed:1)&#10;&#10;classpath:features/books/books.feature:57&#10;status code was: 504, expected: 400, response time in milliseconds: 60622, url: https://bookstore.toolsqa.com/BookStore/v1/Books, response: &#10;&lt;html&gt;&#10;&lt;head&gt;&lt;title&gt;504 Gateway Time-out&lt;/title&gt;&lt;/head&gt;&#10;&lt;body&gt;&#10;&lt;center&gt;&lt;h1&gt;504 Gateway Time-out&lt;/h1&gt;&lt;/center&gt;&#10;&lt;hr&gt;&lt;center&gt;nginx/1.17.10 (Ubuntu)&lt;/center&gt;&#10;&lt;/body&gt;&#10;&lt;/html&gt;&#10;&#10;classpath:features/books/books.feature:92 ==&gt; expected: &lt;0&gt; but was: &lt;4&gt;" type="org.opentest4j.AssertionFailedError"><![CDATA[org.opentest4j.AssertionFailedError: 
status code was: 504, expected: 201, response time in milliseconds: 60509, url: https://bookstore.toolsqa.com/BookStore/v1/Books, response: 
<html>
<head><title>504 Gateway Time-out</title></head>
<body>
<center><h1>504 Gateway Time-out</h1></center>
<hr><center>nginx/1.17.10 (Ubuntu)</center>
</body>
</html>

classpath:features/books/books.feature:38
js failed:
>>>>
01: isbnCreated
<<<<
org.graalvm.polyglot.PolyglotException: ReferenceError: "isbnCreated" is not defined
- <js>.:program(Unnamed:1)

classpath:features/books/books.feature:46
js failed:
>>>>
01: isbnCreated
<<<<
org.graalvm.polyglot.PolyglotException: ReferenceError: "isbnCreated" is not defined
- <js>.:program(Unnamed:1)

classpath:features/books/books.feature:57
status code was: 504, expected: 400, response time in milliseconds: 60622, url: https://bookstore.toolsqa.com/BookStore/v1/Books, response: 
<html>
<head><title>504 Gateway Time-out</title></head>
<body>
<center><h1>504 Gateway Time-out</h1></center>
<hr><center>nginx/1.17.10 (Ubuntu)</center>
</body>
</html>

classpath:features/books/books.feature:92 ==> expected: <0> but was: <4>
	at org.junit.jupiter.api.AssertionFailureBuilder.build(AssertionFailureBuilder.java:151)
	at org.junit.jupiter.api.AssertionFailureBuilder.buildAndThrow(AssertionFailureBuilder.java:132)
	at org.junit.jupiter.api.AssertEquals.failNotEqual(AssertEquals.java:197)
	at org.junit.jupiter.api.AssertEquals.assertEquals(AssertEquals.java:150)
	at org.junit.jupiter.api.Assertions.assertEquals(Assertions.java:563)
	at features.ExamplesTest.testParallel(ExamplesTest.java:16)
	at java.base/java.lang.reflect.Method.invoke(Method.java:580)
	at java.base/java.util.ArrayList.forEach(ArrayList.java:1596)
	at java.base/java.util.ArrayList.forEach(ArrayList.java:1596)
]]></failure>
    <system-out><![CDATA[13:58:23.373 [main] DEBUG com.intuit.karate.Suite - [config] classpath:karate-config.js
13:58:23.391 [main] INFO  com.intuit.karate.Suite - backed up existing 'target\karate-reports' dir to: target\karate-reports_1768237103381
13:58:23.415 [main] DEBUG com.intuit.karate.Suite - waiting for 3 features to complete
13:58:27.499 [pool-2-thread-1] INFO  com.intuit.karate - karate.env system property was: null 
13:58:27.498 [pool-2-thread-3] INFO  com.intuit.karate - karate.env system property was: null 
13:58:27.498 [pool-2-thread-5] INFO  com.intuit.karate - karate.env system property was: null 
13:58:27.499 [pool-2-thread-4] INFO  com.intuit.karate - karate.env system property was: null 
13:58:27.499 [pool-2-thread-2] INFO  com.intuit.karate - karate.env system property was: null 
13:58:27.858 [pool-2-thread-3] INFO  com.intuit.karate - karate.env system property was: qa 
13:58:27.858 [pool-2-thread-1] INFO  com.intuit.karate - karate.env system property was: qa 
13:58:27.858 [pool-2-thread-2] INFO  com.intuit.karate - karate.env system property was: qa 
13:58:27.858 [pool-2-thread-5] INFO  com.intuit.karate - karate.env system property was: qa 
13:58:27.858 [pool-2-thread-4] INFO  com.intuit.karate - karate.env system property was: qa 
13:58:28.016 [pool-2-thread-4] DEBUG c.intuit.karate.core.ScenarioEngine - over-writing existing variable 'baseUrl' with new value: 'https://bookstore.toolsqa.com'
13:58:28.016 [pool-2-thread-5] DEBUG c.intuit.karate.core.ScenarioEngine - over-writing existing variable 'baseUrl' with new value: 'https://bookstore.toolsqa.com'
13:58:28.016 [pool-2-thread-2] DEBUG c.intuit.karate.core.ScenarioEngine - over-writing existing variable 'baseUrl' with new value: 'https://bookstore.toolsqa.com'
13:58:28.025 [pool-2-thread-3] DEBUG c.intuit.karate.core.ScenarioEngine - over-writing existing variable 'baseUrl' with new value: 'https://bookstore.toolsqa.com'
13:58:28.041 [pool-2-thread-1] DEBUG c.intuit.karate.core.ScenarioEngine - over-writing existing variable 'baseUrl' with new value: 'https://bookstore.toolsqa.com'
13:58:28.081 [pool-2-thread-3] INFO  com.intuit.karate - >> lock acquired, begin callonce: read('classpath:features/users/generate-token.feature')
13:58:29.531 [pool-2-thread-3] DEBUG com.intuit.karate - request:
1 > POST https://bookstore.toolsqa.com/Account/v1/User
1 > cache-control: no-cache
1 > Content-Type: application/json; charset=UTF-8
1 > Content-Length: 52
1 > Host: bookstore.toolsqa.com
1 > Connection: Keep-Alive
1 > User-Agent: Apache-HttpClient/4.5.14 (Java/21.0.9)
1 > Accept-Encoding: gzip,deflate
{"userName":"user_33c2e5fc","password":"Test@12345"}

13:58:31.515 [pool-2-thread-3] DEBUG com.intuit.karate - response time in milliseconds: 1968
1 < 201
1 < Server: nginx/1.17.10 (Ubuntu)
1 < Date: Mon, 12 Jan 2026 16:58:31 GMT
1 < Content-Type: application/json; charset=utf-8
1 < Content-Length: 87
1 < Connection: keep-alive
1 < X-Powered-By: Express
1 < ETag: W/"57-DhDjeXbul5uVEqhdmaGh4w2c3eY"
{"userID":"3eb60d52-063d-4b9b-a719-781b8614fe0f","username":"user_33c2e5fc","books":[]}

13:58:31.530 [pool-2-thread-3] INFO  com.intuit.karate - [print] UserId criado: 3eb60d52-063d-4b9b-a719-781b8614fe0f 
13:58:31.546 [pool-2-thread-3] DEBUG com.intuit.karate - request:
2 > POST https://bookstore.toolsqa.com/Account/v1/GenerateToken
2 > cache-control: no-cache
2 > Content-Type: application/json; charset=UTF-8
2 > Content-Length: 52
2 > Host: bookstore.toolsqa.com
2 > Connection: Keep-Alive
2 > User-Agent: Apache-HttpClient/4.5.14 (Java/21.0.9)
2 > Accept-Encoding: gzip,deflate
{"userName":"user_33c2e5fc","password":"Test@12345"}

13:58:32.759 [pool-2-thread-3] DEBUG com.intuit.karate - response time in milliseconds: 1213
2 < 200
2 < Server: nginx/1.17.10 (Ubuntu)
2 < Date: Mon, 12 Jan 2026 16:58:32 GMT
2 < Content-Type: application/json; charset=utf-8
2 < Content-Length: 282
2 < Connection: keep-alive
2 < X-Powered-By: Express
2 < ETag: W/"11a-cHfV6YqWtQ2WrxWm0oRTMUv0/c8"
{"token":"eyJhbGciOiJIUzI1NiIsInR5cCI6IkpXVCJ9.eyJ1c2VyTmFtZSI6InVzZXJfMzNjMmU1ZmMiLCJwYXNzd29yZCI6IlRlc3RAMTIzNDUiLCJpYXQiOjE3NjgyMzcxMTJ9.7zhs40MHgcuDmm64xTA_dPnt4NouRMD1EQJ3WbfLwmQ","expires":"2026-01-19T16:58:32.336Z","status":"Success","result":"User authorized successfully."}

13:58:32.759 [pool-2-thread-3] INFO  com.intuit.karate - [print] Generated token: eyJhbGciOiJIUzI1NiIsInR5cCI6IkpXVCJ9.eyJ1c2VyTmFtZSI6InVzZXJfMzNjMmU1ZmMiLCJwYXNzd29yZCI6IlRlc3RAMTIzNDUiLCJpYXQiOjE3NjgyMzcxMTJ9.7zhs40MHgcuDmm64xTA_dPnt4NouRMD1EQJ3WbfLwmQ 
13:58:32.759 [pool-2-thread-3] INFO  com.intuit.karate - << lock released, cached callonce: read('classpath:features/users/generate-token.feature')
13:58:32.759 [pool-2-thread-2] WARN  com.intuit.karate - this thread waited 4622 milliseconds for callonce lock: read('classpath:features/users/generate-token.feature')
13:58:32.759 [pool-2-thread-5] WARN  com.intuit.karate - this thread waited 4660 milliseconds for callonce lock: read('classpath:features/users/generate-token.feature')
13:58:32.759 [pool-2-thread-4] WARN  com.intuit.karate - this thread waited 4666 milliseconds for callonce lock: read('classpath:features/users/generate-token.feature')
13:58:32.774 [pool-2-thread-2] INFO  com.intuit.karate - [print] Token: eyJhbGciOiJIUzI1NiIsInR5cCI6IkpXVCJ9.eyJ1c2VyTmFtZSI6InVzZXJfMzNjMmU1ZmMiLCJwYXNzd29yZCI6IlRlc3RAMTIzNDUiLCJpYXQiOjE3NjgyMzcxMTJ9.7zhs40MHgcuDmm64xTA_dPnt4NouRMD1EQJ3WbfLwmQ 
13:58:32.774 [pool-2-thread-3] INFO  com.intuit.karate - [print] Token: eyJhbGciOiJIUzI1NiIsInR5cCI6IkpXVCJ9.eyJ1c2VyTmFtZSI6InVzZXJfMzNjMmU1ZmMiLCJwYXNzd29yZCI6IlRlc3RAMTIzNDUiLCJpYXQiOjE3NjgyMzcxMTJ9.7zhs40MHgcuDmm64xTA_dPnt4NouRMD1EQJ3WbfLwmQ 
13:58:32.774 [pool-2-thread-3] INFO  com.intuit.karate - [print] UserID: 3eb60d52-063d-4b9b-a719-781b8614fe0f 
13:58:32.774 [pool-2-thread-1] WARN  com.intuit.karate - this thread waited 4693 milliseconds for callonce lock: read('classpath:features/users/generate-token.feature')
13:58:32.774 [pool-2-thread-2] INFO  com.intuit.karate - [print] UserID: 3eb60d52-063d-4b9b-a719-781b8614fe0f 
13:58:32.774 [pool-2-thread-1] INFO  com.intuit.karate - [print] Token: eyJhbGciOiJIUzI1NiIsInR5cCI6IkpXVCJ9.eyJ1c2VyTmFtZSI6InVzZXJfMzNjMmU1ZmMiLCJwYXNzd29yZCI6IlRlc3RAMTIzNDUiLCJpYXQiOjE3NjgyMzcxMTJ9.7zhs40MHgcuDmm64xTA_dPnt4NouRMD1EQJ3WbfLwmQ 
13:58:32.774 [pool-2-thread-4] INFO  com.intuit.karate - [print] Token: eyJhbGciOiJIUzI1NiIsInR5cCI6IkpXVCJ9.eyJ1c2VyTmFtZSI6InVzZXJfMzNjMmU1ZmMiLCJwYXNzd29yZCI6IlRlc3RAMTIzNDUiLCJpYXQiOjE3NjgyMzcxMTJ9.7zhs40MHgcuDmm64xTA_dPnt4NouRMD1EQJ3WbfLwmQ 
13:58:32.795 [pool-2-thread-1] INFO  com.intuit.karate - [print] UserID: 3eb60d52-063d-4b9b-a719-781b8614fe0f 
13:58:32.793 [pool-2-thread-5] INFO  com.intuit.karate - [print] Token: eyJhbGciOiJIUzI1NiIsInR5cCI6IkpXVCJ9.eyJ1c2VyTmFtZSI6InVzZXJfMzNjMmU1ZmMiLCJwYXNzd29yZCI6IlRlc3RAMTIzNDUiLCJpYXQiOjE3NjgyMzcxMTJ9.7zhs40MHgcuDmm64xTA_dPnt4NouRMD1EQJ3WbfLwmQ 
13:58:32.796 [pool-2-thread-4] INFO  com.intuit.karate - [print] UserID: 3eb60d52-063d-4b9b-a719-781b8614fe0f 
13:58:32.796 [pool-2-thread-5] INFO  com.intuit.karate - [print] UserID: 3eb60d52-063d-4b9b-a719-781b8614fe0f 
13:58:32.806 [pool-2-thread-1] DEBUG com.intuit.karate - request:
1 > GET https://bookstore.toolsqa.com/BookStore/v1/Books
1 > Authorization: Bearer eyJhbGciOiJIUzI1NiIsInR5cCI6IkpXVCJ9.eyJ1c2VyTmFtZSI6InVzZXJfMzNjMmU1ZmMiLCJwYXNzd29yZCI6IlRlc3RAMTIzNDUiLCJpYXQiOjE3NjgyMzcxMTJ9.7zhs40MHgcuDmm64xTA_dPnt4NouRMD1EQJ3WbfLwmQ
1 > cache-control: no-cache
1 > Content-Type: application/json
1 > Host: bookstore.toolsqa.com
1 > Connection: Keep-Alive
1 > User-Agent: Apache-HttpClient/4.5.14 (Java/21.0.9)
1 > Accept-Encoding: gzip,deflate


13:58:32.810 [pool-2-thread-4] DEBUG com.intuit.karate - request:
1 > GET https://bookstore.toolsqa.com/BookStore/v1/Books
1 > Authorization: Bearer eyJhbGciOiJIUzI1NiIsInR5cCI6IkpXVCJ9.eyJ1c2VyTmFtZSI6InVzZXJfMzNjMmU1ZmMiLCJwYXNzd29yZCI6IlRlc3RAMTIzNDUiLCJpYXQiOjE3NjgyMzcxMTJ9.7zhs40MHgcuDmm64xTA_dPnt4NouRMD1EQJ3WbfLwmQ
1 > cache-control: no-cache
1 > Content-Type: application/json
1 > Host: bookstore.toolsqa.com
1 > Connection: Keep-Alive
1 > User-Agent: Apache-HttpClient/4.5.14 (Java/21.0.9)
1 > Accept-Encoding: gzip,deflate


13:58:32.814 [pool-2-thread-5] DEBUG com.intuit.karate - request:
1 > GET https://bookstore.toolsqa.com/BookStore/v1/Book?ISBN=3782n39n93
1 > Authorization: Bearer eyJhbGciOiJIUzI1NiIsInR5cCI6IkpXVCJ9.eyJ1c2VyTmFtZSI6InVzZXJfMzNjMmU1ZmMiLCJwYXNzd29yZCI6IlRlc3RAMTIzNDUiLCJpYXQiOjE3NjgyMzcxMTJ9.7zhs40MHgcuDmm64xTA_dPnt4NouRMD1EQJ3WbfLwmQ
1 > cache-control: no-cache
1 > Content-Type: application/json
1 > Host: bookstore.toolsqa.com
1 > Connection: Keep-Alive
1 > User-Agent: Apache-HttpClient/4.5.14 (Java/21.0.9)
1 > Accept-Encoding: gzip,deflate


13:58:32.827 [pool-2-thread-3] ERROR com.intuit.karate - classpath:features/books/books.feature:57
And param ISBN = isbnCreated
js failed:
>>>>
01: isbnCreated
<<<<
org.graalvm.polyglot.PolyglotException: ReferenceError: "isbnCreated" is not defined
- <js>.:program(Unnamed:1)

classpath:features/books/books.feature:57
13:58:32.827 [pool-2-thread-2] ERROR com.intuit.karate - classpath:features/books/books.feature:46
And param ISBN = isbnCreated
js failed:
>>>>
01: isbnCreated
<<<<
org.graalvm.polyglot.PolyglotException: ReferenceError: "isbnCreated" is not defined
- <js>.:program(Unnamed:1)

classpath:features/books/books.feature:46
13:58:32.842 [pool-2-thread-2] INFO  com.intuit.karate - karate.env system property was: null 
13:58:32.842 [pool-2-thread-2] INFO  com.intuit.karate - karate.env system property was: qa 
13:58:32.905 [pool-2-thread-2] DEBUG c.intuit.karate.core.ScenarioEngine - over-writing existing variable 'baseUrl' with new value: 'https://bookstore.toolsqa.com'
13:58:32.920 [pool-2-thread-2] DEBUG com.intuit.karate - request:
1 > POST https://bookstore.toolsqa.com/Account/v1/User
1 > cache-control: no-cache
1 > Content-Type: application/json; charset=UTF-8
1 > Content-Length: 52
1 > Host: bookstore.toolsqa.com
1 > Connection: Keep-Alive
1 > User-Agent: Apache-HttpClient/4.5.14 (Java/21.0.9)
1 > Accept-Encoding: gzip,deflate
{"userName":"user_5ec20112","password":"Test@12345"}

13:58:32.936 [pool-2-thread-3] INFO  com.intuit.karate - karate.env system property was: null 
13:58:32.936 [pool-2-thread-3] INFO  com.intuit.karate - karate.env system property was: qa 
13:58:32.967 [pool-2-thread-3] DEBUG c.intuit.karate.core.ScenarioEngine - over-writing existing variable 'baseUrl' with new value: 'https://bookstore.toolsqa.com'
13:58:33.036 [pool-2-thread-3] INFO  com.intuit.karate - [print] Token: eyJhbGciOiJIUzI1NiIsInR5cCI6IkpXVCJ9.eyJ1c2VyTmFtZSI6InVzZXJfMzNjMmU1ZmMiLCJwYXNzd29yZCI6IlRlc3RAMTIzNDUiLCJpYXQiOjE3NjgyMzcxMTJ9.7zhs40MHgcuDmm64xTA_dPnt4NouRMD1EQJ3WbfLwmQ 
13:58:33.044 [pool-2-thread-3] INFO  com.intuit.karate - [print] UserID: 3eb60d52-063d-4b9b-a719-781b8614fe0f 
13:58:33.063 [pool-2-thread-3] DEBUG com.intuit.karate - request:
1 > POST https://bookstore.toolsqa.com/BookStore/v1/Books
1 > Authorization: Bearer eyJhbGciOiJIUzI1NiIsInR5cCI6IkpXVCJ9.eyJ1c2VyTmFtZSI6InVzZXJfMzNjMmU1ZmMiLCJwYXNzd29yZCI6IlRlc3RAMTIzNDUiLCJpYXQiOjE3NjgyMzcxMTJ9.7zhs40MHgcuDmm64xTA_dPnt4NouRMD1EQJ3WbfLwmQ
1 > cache-control: no-cache
1 > Content-Type: application/json; charset=UTF-8
1 > Content-Length: 48
1 > Host: bookstore.toolsqa.com
1 > Connection: Keep-Alive
1 > User-Agent: Apache-HttpClient/4.5.14 (Java/21.0.9)
1 > Accept-Encoding: gzip,deflate
{"collectionOfIsbns":[{"isbn":"9781449325862"}]}

13:58:33.330 [pool-2-thread-1] DEBUG com.intuit.karate - response time in milliseconds: 523
1 < 200
1 < Server: nginx/1.17.10 (Ubuntu)
1 < Date: Mon, 12 Jan 2026 16:58:33 GMT
1 < Content-Type: application/json; charset=utf-8
1 < Content-Length: 4514
1 < Connection: keep-alive
1 < X-Powered-By: Express
1 < ETag: W/"11a2-8zfX++QwcgaCjSU6F8JP9fUd1tY"
{"books":[{"isbn":"9781449325862","title":"Git Pocket Guide","subTitle":"A Working Introduction","author":"Richard E. Silverman","publish_date":"2020-06-04T08:48:39.000Z","publisher":"O'Reilly Media","pages":234,"description":"This pocket guide is the perfect on-the-job companion to Git, the distributed version control system. It provides a compact, readable introduction to Git for new users, as well as a reference to common commands and procedures for those of you with Git exp","website":"http://chimera.labs.oreilly.com/books/1230000000561/index.html"},{"isbn":"9781449331818","title":"Learning JavaScript Design Patterns","subTitle":"A JavaScript and jQuery Developer's Guide","author":"Addy Osmani","publish_date":"2020-06-04T09:11:40.000Z","publisher":"O'Reilly Media","pages":254,"description":"With Learning JavaScript Design Patterns, you'll learn how to write beautiful, structured, and maintainable JavaScript by applying classical and modern design patterns to the language. If you want to keep your code efficient, more manageable, and up-to-da","website":"http://www.addyosmani.com/resources/essentialjsdesignpatterns/book/"},{"isbn":"9781449337711","title":"Designing Evolvable Web APIs with ASP.NET","subTitle":"Harnessing the Power of the Web","author":"Glenn Block et al.","publish_date":"2020-06-04T09:12:43.000Z","publisher":"O'Reilly Media","pages":238,"description":"Design and build Web APIs for a broad range of clients—including browsers and mobile devices—that can adapt to change over time. This practical, hands-on guide takes you through the theory and tools you need to build evolvable HTTP services with Microsoft","website":"http://chimera.labs.oreilly.com/books/1234000001708/index.html"},{"isbn":"9781449365035","title":"Speaking JavaScript","subTitle":"An In-Depth Guide for Programmers","author":"Axel Rauschmayer","publish_date":"2014-02-01T00:00:00.000Z","publisher":"O'Reilly Media","pages":460,"description":"Like it or not, JavaScript is everywhere these days-from browser to server to mobile-and now you, too, need to learn the language or dive deeper than you have. This concise book guides you into and through JavaScript, written by a veteran programmer who o","website":"http://speakingjs.com/"},{"isbn":"9781491904244","title":"You Don't Know JS","subTitle":"ES6 & Beyond","author":"Kyle Simpson","publish_date":"2015-12-27T00:00:00.000Z","publisher":"O'Reilly Media","pages":278,"description":"No matter how much experience you have with JavaScript, odds are you don’t fully understand the language. As part of the \\\"You Don’t Know JS\\\" series, this compact guide focuses on new features available in ECMAScript 6 (ES6), the latest version of the st","website":"https://github.com/getify/You-Dont-Know-JS/tree/master/es6%20&%20beyond"},{"isbn":"9781491950296","title":"Programming JavaScript Applications","subTitle":"Robust Web Architecture with Node, HTML5, and Modern JS Libraries","author":"Eric Elliott","publish_date":"2014-07-01T00:00:00.000Z","publisher":"O'Reilly Media","pages":254,"description":"Take advantage of JavaScript's power to build robust web-scale or enterprise applications that are easy to extend and maintain. By applying the design patterns outlined in this practical book, experienced JavaScript developers will learn how to write flex","website":"http://chimera.labs.oreilly.com/books/1234000000262/index.html"},{"isbn":"9781593275846","title":"Eloquent JavaScript, Second Edition","subTitle":"A Modern Introduction to Programming","author":"Marijn Haverbeke","publish_date":"2014-12-14T00:00:00.000Z","publisher":"No Starch Press","pages":472,"description":"JavaScript lies at the heart of almost every modern web application, from social apps to the newest browser-based games. Though simple for beginners to pick up and play with, JavaScript is a flexible, complex language that you can use to build full-scale ","website":"http://eloquentjavascript.net/"},{"isbn":"9781593277574","title":"Understanding ECMAScript 6","subTitle":"The Definitive Guide for JavaScript Developers","author":"Nicholas C. Zakas","publish_date":"2016-09-03T00:00:00.000Z","publisher":"No Starch Press","pages":352,"description":"ECMAScript 6 represents the biggest update to the core of JavaScript in the history of the language. In Understanding ECMAScript 6, expert developer Nicholas C. Zakas provides a complete guide to the object types, syntax, and other exciting changes that E","website":"https://leanpub.com/understandinges6/read"}]}

13:58:33.355 [pool-2-thread-5] DEBUG com.intuit.karate - response time in milliseconds: 539
1 < 400
1 < Server: nginx/1.17.10 (Ubuntu)
1 < Date: Mon, 12 Jan 2026 16:58:33 GMT
1 < Content-Type: application/json; charset=utf-8
1 < Content-Length: 79
1 < Connection: keep-alive
1 < X-Powered-By: Express
1 < ETag: W/"4f-RpKuEeQ3Bj2uvDIxIXvc7QRyqm4"
{"code":"1205","message":"ISBN supplied is not available in Books Collection!"}

13:58:33.355 [pool-2-thread-1] INFO  com.intuit.karate - [print] Total de livros disponíveis: 8 
13:58:33.367 [pool-2-thread-5] INFO  com.intuit.karate - [print] Resposta da API: {
  "code": "1205",
  "message": "ISBN supplied is not available in Books Collection!"
}
 
13:58:33.375 [pool-2-thread-1] INFO  com.intuit.karate - [print] ISBN do primeiro livro: 9781449325862 
13:58:33.375 [pool-2-thread-4] DEBUG com.intuit.karate - response time in milliseconds: 544
1 < 200
1 < Server: nginx/1.17.10 (Ubuntu)
1 < Date: Mon, 12 Jan 2026 16:58:33 GMT
1 < Content-Type: application/json; charset=utf-8
1 < Content-Length: 4514
1 < Connection: keep-alive
1 < X-Powered-By: Express
1 < ETag: W/"11a2-8zfX++QwcgaCjSU6F8JP9fUd1tY"
{"books":[{"isbn":"9781449325862","title":"Git Pocket Guide","subTitle":"A Working Introduction","author":"Richard E. Silverman","publish_date":"2020-06-04T08:48:39.000Z","publisher":"O'Reilly Media","pages":234,"description":"This pocket guide is the perfect on-the-job companion to Git, the distributed version control system. It provides a compact, readable introduction to Git for new users, as well as a reference to common commands and procedures for those of you with Git exp","website":"http://chimera.labs.oreilly.com/books/1230000000561/index.html"},{"isbn":"9781449331818","title":"Learning JavaScript Design Patterns","subTitle":"A JavaScript and jQuery Developer's Guide","author":"Addy Osmani","publish_date":"2020-06-04T09:11:40.000Z","publisher":"O'Reilly Media","pages":254,"description":"With Learning JavaScript Design Patterns, you'll learn how to write beautiful, structured, and maintainable JavaScript by applying classical and modern design patterns to the language. If you want to keep your code efficient, more manageable, and up-to-da","website":"http://www.addyosmani.com/resources/essentialjsdesignpatterns/book/"},{"isbn":"9781449337711","title":"Designing Evolvable Web APIs with ASP.NET","subTitle":"Harnessing the Power of the Web","author":"Glenn Block et al.","publish_date":"2020-06-04T09:12:43.000Z","publisher":"O'Reilly Media","pages":238,"description":"Design and build Web APIs for a broad range of clients—including browsers and mobile devices—that can adapt to change over time. This practical, hands-on guide takes you through the theory and tools you need to build evolvable HTTP services with Microsoft","website":"http://chimera.labs.oreilly.com/books/1234000001708/index.html"},{"isbn":"9781449365035","title":"Speaking JavaScript","subTitle":"An In-Depth Guide for Programmers","author":"Axel Rauschmayer","publish_date":"2014-02-01T00:00:00.000Z","publisher":"O'Reilly Media","pages":460,"description":"Like it or not, JavaScript is everywhere these days-from browser to server to mobile-and now you, too, need to learn the language or dive deeper than you have. This concise book guides you into and through JavaScript, written by a veteran programmer who o","website":"http://speakingjs.com/"},{"isbn":"9781491904244","title":"You Don't Know JS","subTitle":"ES6 & Beyond","author":"Kyle Simpson","publish_date":"2015-12-27T00:00:00.000Z","publisher":"O'Reilly Media","pages":278,"description":"No matter how much experience you have with JavaScript, odds are you don’t fully understand the language. As part of the \\\"You Don’t Know JS\\\" series, this compact guide focuses on new features available in ECMAScript 6 (ES6), the latest version of the st","website":"https://github.com/getify/You-Dont-Know-JS/tree/master/es6%20&%20beyond"},{"isbn":"9781491950296","title":"Programming JavaScript Applications","subTitle":"Robust Web Architecture with Node, HTML5, and Modern JS Libraries","author":"Eric Elliott","publish_date":"2014-07-01T00:00:00.000Z","publisher":"O'Reilly Media","pages":254,"description":"Take advantage of JavaScript's power to build robust web-scale or enterprise applications that are easy to extend and maintain. By applying the design patterns outlined in this practical book, experienced JavaScript developers will learn how to write flex","website":"http://chimera.labs.oreilly.com/books/1234000000262/index.html"},{"isbn":"9781593275846","title":"Eloquent JavaScript, Second Edition","subTitle":"A Modern Introduction to Programming","author":"Marijn Haverbeke","publish_date":"2014-12-14T00:00:00.000Z","publisher":"No Starch Press","pages":472,"description":"JavaScript lies at the heart of almost every modern web application, from social apps to the newest browser-based games. Though simple for beginners to pick up and play with, JavaScript is a flexible, complex language that you can use to build full-scale ","website":"http://eloquentjavascript.net/"},{"isbn":"9781593277574","title":"Understanding ECMAScript 6","subTitle":"The Definitive Guide for JavaScript Developers","author":"Nicholas C. Zakas","publish_date":"2016-09-03T00:00:00.000Z","publisher":"No Starch Press","pages":352,"description":"ECMAScript 6 represents the biggest update to the core of JavaScript in the history of the language. In Understanding ECMAScript 6, expert developer Nicholas C. Zakas provides a complete guide to the object types, syntax, and other exciting changes that E","website":"https://leanpub.com/understandinges6/read"}]}

13:58:33.383 [pool-2-thread-4] INFO  com.intuit.karate - [print] Total de livros retornados: 8 
13:58:33.394 [pool-2-thread-5] INFO  com.intuit.karate - karate.env system property was: null 
13:58:33.394 [pool-2-thread-5] INFO  com.intuit.karate - karate.env system property was: qa 
13:58:33.402 [pool-2-thread-5] DEBUG c.intuit.karate.core.ScenarioEngine - over-writing existing variable 'baseUrl' with new value: 'https://bookstore.toolsqa.com'
13:58:33.413 [pool-2-thread-4] INFO  com.intuit.karate - karate.env system property was: null 
13:58:33.413 [pool-2-thread-4] INFO  com.intuit.karate - karate.env system property was: qa 
13:58:33.421 [pool-2-thread-5] INFO  com.intuit.karate - >> lock acquired, begin callonce: read('classpath:features/users/generate-token.feature')
13:58:33.445 [pool-2-thread-4] DEBUG c.intuit.karate.core.ScenarioEngine - over-writing existing variable 'baseUrl' with new value: 'https://bookstore.toolsqa.com'
13:58:33.445 [pool-2-thread-1] INFO  com.intuit.karate - [print] Body final para criar livro: {
  "collectionOfIsbns": [
    {
      "isbn": "9781449325862"
    }
  ],
  "userID": "3eb60d52-063d-4b9b-a719-781b8614fe0f"
}
 
13:58:33.454 [pool-2-thread-1] DEBUG com.intuit.karate - request:
2 > POST https://bookstore.toolsqa.com/BookStore/v1/Books
2 > Authorization: Bearer eyJhbGciOiJIUzI1NiIsInR5cCI6IkpXVCJ9.eyJ1c2VyTmFtZSI6InVzZXJfMzNjMmU1ZmMiLCJwYXNzd29yZCI6IlRlc3RAMTIzNDUiLCJpYXQiOjE3NjgyMzcxMTJ9.7zhs40MHgcuDmm64xTA_dPnt4NouRMD1EQJ3WbfLwmQ
2 > cache-control: no-cache
2 > Content-Type: application/json; charset=UTF-8
2 > Content-Length: 96
2 > Host: bookstore.toolsqa.com
2 > Connection: Keep-Alive
2 > User-Agent: Apache-HttpClient/4.5.14 (Java/21.0.9)
2 > Accept-Encoding: gzip,deflate
{"collectionOfIsbns":[{"isbn":"9781449325862"}],"userID":"3eb60d52-063d-4b9b-a719-781b8614fe0f"}

13:58:33.494 [pool-2-thread-5] DEBUG com.intuit.karate - request:
1 > POST https://bookstore.toolsqa.com/Account/v1/User
1 > cache-control: no-cache
1 > Content-Type: application/json; charset=UTF-8
1 > Content-Length: 52
1 > Host: bookstore.toolsqa.com
1 > Connection: Keep-Alive
1 > User-Agent: Apache-HttpClient/4.5.14 (Java/21.0.9)
1 > Accept-Encoding: gzip,deflate
{"userName":"user_da01112c","password":"Test@12345"}

13:58:34.171 [pool-2-thread-2] DEBUG com.intuit.karate - response time in milliseconds: 1251
1 < 201
1 < Server: nginx/1.17.10 (Ubuntu)
1 < Date: Mon, 12 Jan 2026 16:58:34 GMT
1 < Content-Type: application/json; charset=utf-8
1 < Content-Length: 87
1 < Connection: keep-alive
1 < X-Powered-By: Express
1 < ETag: W/"57-yUrjTtu0dX5xe1Sxspwe6mkmrEY"
{"userID":"3d22802c-b669-4537-8d5a-3bb85f6d46dd","username":"user_5ec20112","books":[]}

13:58:34.179 [pool-2-thread-2] INFO  com.intuit.karate - [print] UserId criado: 3d22802c-b669-4537-8d5a-3bb85f6d46dd 
13:58:34.187 [pool-2-thread-2] DEBUG com.intuit.karate - request:
2 > POST https://bookstore.toolsqa.com/Account/v1/GenerateToken
2 > cache-control: no-cache
2 > Content-Type: application/json; charset=UTF-8
2 > Content-Length: 52
2 > Host: bookstore.toolsqa.com
2 > Connection: Keep-Alive
2 > User-Agent: Apache-HttpClient/4.5.14 (Java/21.0.9)
2 > Accept-Encoding: gzip,deflate
{"userName":"user_5ec20112","password":"Test@12345"}

13:58:34.555 [pool-2-thread-5] DEBUG com.intuit.karate - response time in milliseconds: 1061
1 < 201
1 < Server: nginx/1.17.10 (Ubuntu)
1 < Date: Mon, 12 Jan 2026 16:58:34 GMT
1 < Content-Type: application/json; charset=utf-8
1 < Content-Length: 87
1 < Connection: keep-alive
1 < X-Powered-By: Express
1 < ETag: W/"57-XUmnpFumkyvL5IKQaX7VCGsUc2M"
{"userID":"0ce7ab11-7a79-4f42-aaf9-48602bc9b501","username":"user_da01112c","books":[]}

13:58:34.563 [pool-2-thread-5] INFO  com.intuit.karate - [print] UserId criado: 0ce7ab11-7a79-4f42-aaf9-48602bc9b501 
13:58:34.571 [pool-2-thread-5] DEBUG com.intuit.karate - request:
2 > POST https://bookstore.toolsqa.com/Account/v1/GenerateToken
2 > cache-control: no-cache
2 > Content-Type: application/json; charset=UTF-8
2 > Content-Length: 52
2 > Host: bookstore.toolsqa.com
2 > Connection: Keep-Alive
2 > User-Agent: Apache-HttpClient/4.5.14 (Java/21.0.9)
2 > Accept-Encoding: gzip,deflate
{"userName":"user_da01112c","password":"Test@12345"}

13:58:35.280 [pool-2-thread-2] DEBUG com.intuit.karate - response time in milliseconds: 1093
2 < 200
2 < Server: nginx/1.17.10 (Ubuntu)
2 < Date: Mon, 12 Jan 2026 16:58:35 GMT
2 < Content-Type: application/json; charset=utf-8
2 < Content-Length: 282
2 < Connection: keep-alive
2 < X-Powered-By: Express
2 < ETag: W/"11a-epzFAL3wVJeao8I4ahZq+KbyHNI"
{"token":"eyJhbGciOiJIUzI1NiIsInR5cCI6IkpXVCJ9.eyJ1c2VyTmFtZSI6InVzZXJfNWVjMjAxMTIiLCJwYXNzd29yZCI6IlRlc3RAMTIzNDUiLCJpYXQiOjE3NjgyMzcxMTR9.c6RkD0VJRKFY8jesGFQq_KVGxJe4ffxnBu1yj9ew3O4","expires":"2026-01-19T16:58:34.969Z","status":"Success","result":"User authorized successfully."}

13:58:35.280 [pool-2-thread-2] INFO  com.intuit.karate - [print] Generated token: eyJhbGciOiJIUzI1NiIsInR5cCI6IkpXVCJ9.eyJ1c2VyTmFtZSI6InVzZXJfNWVjMjAxMTIiLCJwYXNzd29yZCI6IlRlc3RAMTIzNDUiLCJpYXQiOjE3NjgyMzcxMTR9.c6RkD0VJRKFY8jesGFQq_KVGxJe4ffxnBu1yj9ew3O4 
13:58:35.792 [pool-2-thread-5] DEBUG com.intuit.karate - response time in milliseconds: 1205
2 < 200
2 < Server: nginx/1.17.10 (Ubuntu)
2 < Date: Mon, 12 Jan 2026 16:58:36 GMT
2 < Content-Type: application/json; charset=utf-8
2 < Content-Length: 282
2 < Connection: keep-alive
2 < X-Powered-By: Express
2 < ETag: W/"11a-xzPs7RUt7buog6KMNd55NXl1ew0"
{"token":"eyJhbGciOiJIUzI1NiIsInR5cCI6IkpXVCJ9.eyJ1c2VyTmFtZSI6InVzZXJfZGEwMTExMmMiLCJwYXNzd29yZCI6IlRlc3RAMTIzNDUiLCJpYXQiOjE3NjgyMzcxMTV9.KAgLEFQoftc3ny6x4_QJcWLxaHdvDxp0DRtLaboCrX0","expires":"2026-01-19T16:58:35.356Z","status":"Success","result":"User authorized successfully."}

13:58:35.792 [pool-2-thread-5] INFO  com.intuit.karate - [print] Generated token: eyJhbGciOiJIUzI1NiIsInR5cCI6IkpXVCJ9.eyJ1c2VyTmFtZSI6InVzZXJfZGEwMTExMmMiLCJwYXNzd29yZCI6IlRlc3RAMTIzNDUiLCJpYXQiOjE3NjgyMzcxMTV9.KAgLEFQoftc3ny6x4_QJcWLxaHdvDxp0DRtLaboCrX0 
13:58:35.792 [pool-2-thread-5] INFO  com.intuit.karate - << lock released, cached callonce: read('classpath:features/users/generate-token.feature')
13:58:35.792 [pool-2-thread-4] WARN  com.intuit.karate - this thread waited 2311 milliseconds for callonce lock: read('classpath:features/users/generate-token.feature')
13:58:35.792 [pool-2-thread-4] INFO  com.intuit.karate - [print] UserId: 0ce7ab11-7a79-4f42-aaf9-48602bc9b501 
13:58:35.792 [pool-2-thread-5] INFO  com.intuit.karate - [print] UserId: 0ce7ab11-7a79-4f42-aaf9-48602bc9b501 
13:58:35.792 [pool-2-thread-4] DEBUG com.intuit.karate - request:
1 > DELETE https://bookstore.toolsqa.com/Account/v1/User?UUID=0ce7ab11-7a79-4f42-aaf9-48602bc9b501
1 > cache-control: no-cache
1 > Content-Type: application/json
1 > Host: bookstore.toolsqa.com
1 > Connection: Keep-Alive
1 > User-Agent: Apache-HttpClient/4.5.14 (Java/21.0.9)
1 > Accept-Encoding: gzip,deflate


13:58:35.808 [pool-2-thread-5] DEBUG com.intuit.karate - request:
1 > POST https://bookstore.toolsqa.com/Account/v1/User
1 > cache-control: no-cache
1 > Content-Type: application/json; charset=UTF-8
1 > Content-Length: 39
1 > Host: bookstore.toolsqa.com
1 > Connection: Keep-Alive
1 > User-Agent: Apache-HttpClient/4.5.14 (Java/21.0.9)
1 > Accept-Encoding: gzip,deflate
{"userName":"Test","password":"123456"}

13:58:36.312 [pool-2-thread-4] DEBUG com.intuit.karate - request:
2 > DELETE https://bookstore.toolsqa.com/Account/v1/User?UUID=0ce7ab11-7a79-4f42-aaf9-48602bc9b501
2 > cache-control: no-cache
2 > Content-Type: application/json
2 > Host: bookstore.toolsqa.com
2 > Connection: Keep-Alive
2 > User-Agent: Apache-HttpClient/4.5.14 (Java/21.0.9)
2 > Accept-Encoding: gzip,deflate


13:58:36.312 [pool-2-thread-5] DEBUG com.intuit.karate - response time in milliseconds: 504
1 < 400
1 < Server: nginx/1.17.10 (Ubuntu)
1 < Date: Mon, 12 Jan 2026 16:58:36 GMT
1 < Content-Type: application/json; charset=utf-8
1 < Content-Length: 230
1 < Connection: keep-alive
1 < X-Powered-By: Express
1 < ETag: W/"e6-Suxub+fxI99/3YEWz5cjyd3KlvQ"
{"code":"1300","message":"Passwords must have at least one non alphanumeric character, one digit ('0'-'9'), one uppercase ('A'-'Z'), one lowercase ('a'-'z'), one special character and Password must be eight characters or longer."}

13:58:36.484 [pool-2-thread-4] DEBUG com.intuit.karate - request:
3 > DELETE https://bookstore.toolsqa.com/Account/v1/User?UUID=0ce7ab11-7a79-4f42-aaf9-48602bc9b501
3 > cache-control: no-cache
3 > Content-Type: application/json
3 > Host: bookstore.toolsqa.com
3 > Connection: Keep-Alive
3 > User-Agent: Apache-HttpClient/4.5.14 (Java/21.0.9)
3 > Accept-Encoding: gzip,deflate


13:58:36.809 [pool-2-thread-4] DEBUG com.intuit.karate - response time in milliseconds: 168
3 < 200
3 < Server: nginx/1.17.10 (Ubuntu)
3 < Date: Mon, 12 Jan 2026 16:58:36 GMT
3 < Content-Type: text/html; charset=utf-8
3 < Transfer-Encoding: chunked
3 < Connection: keep-alive
3 < X-Powered-By: Express
3 < ETag: W/"c1f-F2xZTJLKhCo1XhlvmwRwwX3nXPs"

<!-- HTML for static distribution bundle build -->
<!DOCTYPE html>
<html lang="en">
<head>
  <meta charset="UTF-8">
  <title>Swagger UI</title>
  <link rel="stylesheet" type="text/css" href="./swagger-ui.css" >
  <link rel="icon" type="image/png" href="./favicon-32x32.png" sizes="32x32" /><link rel="icon" type="image/png" href="./favicon-16x16.png" sizes="16x16" />
  <style>
    html
    {
      box-sizing: border-box;
      overflow: -moz-scrollbars-vertical;
      overflow-y: scroll;
    }
    *,
    *:before,
    *:after
    {
      box-sizing: inherit;
    }

    body {
      margin:0;
      background: #fafafa;
    }
  </style>
</head>

<body>

<svg xmlns="http://www.w3.org/2000/svg" xmlns:xlink="http://www.w3.org/1999/xlink" style="position:absolute;width:0;height:0">
  <defs>
    <symbol viewBox="0 0 20 20" id="unlocked">
      <path d="M15.8 8H14V5.6C14 2.703 12.665 1 10 1 7.334 1 6 2.703 6 5.6V6h2v-.801C8 3.754 8.797 3 10 3c1.203 0 2 .754 2 2.199V8H4c-.553 0-1 .646-1 1.199V17c0 .549.428 1.139.951 1.307l1.197.387C5.672 18.861 6.55 19 7.1 19h5.8c.549 0 1.428-.139 1.951-.307l1.196-.387c.524-.167.953-.757.953-1.306V9.199C17 8.646 16.352 8 15.8 8z"></path>
    </symbol>

    <symbol viewBox="0 0 20 20" id="locked">
      <path d="M15.8 8H14V5.6C14 2.703 12.665 1 10 1 7.334 1 6 2.703 6 5.6V8H4c-.553 0-1 .646-1 1.199V17c0 .549.428 1.139.951 1.307l1.197.387C5.672 18.861 6.55 19 7.1 19h5.8c.549 0 1.428-.139 1.951-.307l1.196-.387c.524-.167.953-.757.953-1.306V9.199C17 8.646 16.352 8 15.8 8zM12 8H8V5.199C8 3.754 8.797 3 10 3c1.203 0 2 .754 2 2.199V8z"/>
    </symbol>

    <symbol viewBox="0 0 20 20" id="close">
      <path d="M14.348 14.849c-.469.469-1.229.469-1.697 0L10 11.819l-2.651 3.029c-.469.469-1.229.469-1.697 0-.469-.469-.469-1.229 0-1.697l2.758-3.15-2.759-3.152c-.469-.469-.469-1.228 0-1.697.469-.469 1.228-.469 1.697 0L10 8.183l2.651-3.031c.469-.469 1.228-.469 1.697 0 .469.469.469 1.229 0 1.697l-2.758 3.152 2.758 3.15c.469.469.469 1.229 0 1.698z"/>
    </symbol>

    <symbol viewBox="0 0 20 20" id="large-arrow">
      <path d="M13.25 10L6.109 2.58c-.268-.27-.268-.707 0-.979.268-.27.701-.27.969 0l7.83 7.908c.268.271.268.709 0 .979l-7.83 7.908c-.268.271-.701.27-.969 0-.268-.269-.268-.707 0-.979L13.25 10z"/>
    </symbol>

    <symbol viewBox="0 0 20 20" id="large-arrow-down">
      <path d="M17.418 6.109c.272-.268.709-.268.979 0s.271.701 0 .969l-7.908 7.83c-.27.268-.707.268-.979 0l-7.908-7.83c-.27-.268-.27-.701 0-.969.271-.268.709-.268.979 0L10 13.25l7.418-7.141z"/>
    </symbol>


    <symbol viewBox="0 0 24 24" id="jump-to">
      <path d="M19 7v4H5.83l3.58-3.59L8 6l-6 6 6 6 1.41-1.41L5.83 13H21V7z"/>
    </symbol>

    <symbol viewBox="0 0 24 24" id="expand">
      <path d="M10 18h4v-2h-4v2zM3 6v2h18V6H3zm3 7h12v-2H6v2z"/>
    </symbol>

  </defs>
</svg>

<div id="swagger-ui"></div>

<script src="./swagger-ui-bundle.js"> </script>
<script src="./swagger-ui-standalone-preset.js"> </script>
<script src="./swagger-ui-init.js"> </script>



<style>
  .swagger-ui .topbar .download-url-wrapper { display: none } undefined
</style>
</body>

</html>


13:59:33.719 [pool-2-thread-3] DEBUG com.intuit.karate - response time in milliseconds: 60622
1 < 504
1 < Server: nginx/1.17.10 (Ubuntu)
1 < Date: Mon, 12 Jan 2026 16:59:33 GMT
1 < Content-Type: text/html
1 < Content-Length: 177
1 < Connection: keep-alive
<html>
<head><title>504 Gateway Time-out</title></head>
<body>
<center><h1>504 Gateway Time-out</h1></center>
<hr><center>nginx/1.17.10 (Ubuntu)</center>
</body>
</html>


13:59:33.963 [pool-2-thread-3] ERROR com.intuit.karate - classpath:features/books/books.feature:92
Then status 400
status code was: 504, expected: 400, response time in milliseconds: 60622, url: https://bookstore.toolsqa.com/BookStore/v1/Books, response: 
<html>
<head><title>504 Gateway Time-out</title></head>
<body>
<center><h1>504 Gateway Time-out</h1></center>
<hr><center>nginx/1.17.10 (Ubuntu)</center>
</body>
</html>

classpath:features/books/books.feature:92
13:59:33.973 [pool-2-thread-1] DEBUG com.intuit.karate - response time in milliseconds: 60509
2 < 504
2 < Server: nginx/1.17.10 (Ubuntu)
2 < Date: Mon, 12 Jan 2026 16:59:34 GMT
2 < Content-Type: text/html
2 < Content-Length: 177
2 < Connection: keep-alive
<html>
<head><title>504 Gateway Time-out</title></head>
<body>
<center><h1>504 Gateway Time-out</h1></center>
<hr><center>nginx/1.17.10 (Ubuntu)</center>
</body>
</html>


13:59:33.979 [pool-2-thread-1] ERROR com.intuit.karate - classpath:features/books/books.feature:38
Then status 201
status code was: 504, expected: 201, response time in milliseconds: 60509, url: https://bookstore.toolsqa.com/BookStore/v1/Books, response: 
<html>
<head><title>504 Gateway Time-out</title></head>
<body>
<center><h1>504 Gateway Time-out</h1></center>
<hr><center>nginx/1.17.10 (Ubuntu)</center>
</body>
</html>

classpath:features/books/books.feature:38
---------------------------------------------------------
feature: classpath:features/books/books.feature
scenarios:  6 | passed:  2 | failed:  4 | time: 147,1249
---------------------------------------------------------

13:59:45.977 [pool-3-thread-1] INFO  com.intuit.karate.Suite - <<fail>> feature 1 of 3 (2 remaining) classpath:features/books/books.feature
---------------------------------------------------------
feature: classpath:features/users/generate-token.feature
scenarios:  1 | passed:  1 | failed:  0 | time: 2,3736
---------------------------------------------------------

13:59:47.197 [pool-3-thread-1] INFO  com.intuit.karate.Suite - <<pass>> feature 2 of 3 (1 remaining) classpath:features/users/generate-token.feature
---------------------------------------------------------
feature: classpath:features/users/users.feature
scenarios:  2 | passed:  2 | failed:  0 | time: 6,2969
---------------------------------------------------------

13:59:48.391 [pool-3-thread-1] INFO  com.intuit.karate.Suite - <<pass>> feature 3 of 3 (0 remaining) classpath:features/users/users.feature
Karate version: 1.5.0
======================================================
elapsed:  87,63 | threads:    5 | thread time: 155,80 
features:     3 | skipped:    0 | efficiency: 0,36
scenarios:    9 | passed:     5 | failed: 4
======================================================
>>> failed features:
status code was: 504, expected: 201, response time in milliseconds: 60509, url: https://bookstore.toolsqa.com/BookStore/v1/Books, response: 
<html>
<head><title>504 Gateway Time-out</title></head>
<body>
<center><h1>504 Gateway Time-out</h1></center>
<hr><center>nginx/1.17.10 (Ubuntu)</center>
</body>
</html>

classpath:features/books/books.feature:38
js failed:
>>>>
01: isbnCreated
<<<<
org.graalvm.polyglot.PolyglotException: ReferenceError: "isbnCreated" is not defined
- <js>.:program(Unnamed:1)

classpath:features/books/books.feature:46
js failed:
>>>>
01: isbnCreated
<<<<
org.graalvm.polyglot.PolyglotException: ReferenceError: "isbnCreated" is not defined
- <js>.:program(Unnamed:1)

classpath:features/books/books.feature:57
status code was: 504, expected: 400, response time in milliseconds: 60622, url: https://bookstore.toolsqa.com/BookStore/v1/Books, response: 
<html>
<head><title>504 Gateway Time-out</title></head>
<body>
<center><h1>504 Gateway Time-out</h1></center>
<hr><center>nginx/1.17.10 (Ubuntu)</center>
</body>
</html>

classpath:features/books/books.feature:92
<<<

HTML report: (paste into browser to view) | Karate version: 1.5.0
file:///C:/Users/melin/projects/karate-desafio/target/karate-reports/karate-summary.html
===================================================================

]]></system-out>
  </testcase>
</testsuite>